#
# A fatal error has been detected by the Java Runtime Environment:
#
#  EXCEPTION_ACCESS_VIOLATION (0xc0000005) at pc=0x00007ff888653c5b, pid=21896, tid=11468
#
# JRE version: Java(TM) SE Runtime Environment (11.0.4+10) (build 11.0.4+10-LTS)
# Java VM: Java HotSpot(TM) 64-Bit Server VM (11.0.4+10-LTS, mixed mode, tiered, compressed oops, g1 gc, windows-amd64)
# Problematic frame:
# V  [jvm.dll+0x693c5b]
#
# No core dump will be written. Minidumps are not enabled by default on client versions of Windows
#
# If you would like to submit a bug report, please visit:
#   http://bugreport.java.com/bugreport/crash.jsp
#

---------------  S U M M A R Y ------------

Command Line: -agentlib:jdwp=transport=dt_socket,suspend=y,address=localhost:13592 -ea -javaagent:C:\Users\Arghya\.m2\repository/org/aspectj/aspectjweaver/1.9.1/aspectjweaver-1.9.1.jar -Dfile.encoding=Cp1252 org.testng.remote.RemoteTestNG -serport 13591 -protocol json -d C:\Users\Arghya\eclipse-workspace\Fivestar_Regression\test-output C:\Users\Arghya\eclipse-workspace\Fivestar_Regression\src\test\resources\TestNGRunRegressionTests.xml

Host: Intel(R) Core(TM) i5-8265U CPU @ 1.60GHz, 8 cores, 3G,  Windows 10 , 64 bit Build 18362 (10.0.18362.329)
Time: Tue Nov 26 22:09:41 2019 India Standard Time elapsed time: 258 seconds (0d 0h 4m 18s)

---------------  T H R E A D  ---------------

Current thread (0x00000198b1017000):  JavaThread "TestNG-tests-1" [_thread_in_vm, id=11468, stack(0x0000000918800000,0x0000000918900000)]

Stack: [0x0000000918800000,0x0000000918900000],  sp=0x00000009188f8cd0,  free space=995k
Native frames: (J=compiled Java code, j=interpreted, Vv=VM code, C=native code)
V  [jvm.dll+0x693c5b]
V  [jvm.dll+0x396013]
V  [jvm.dll+0x531cd9]
V  [jvm.dll+0x3999b6]
V  [jvm.dll+0x6c6a05]
V  [jvm.dll+0x6c6342]
V  [jvm.dll+0x427c40]
C  0x0000019896975c56

Java frames: (J=compiled Java code, j=interpreted, Vv=VM code)
j  java.lang.StackStreamFactory$AbstractStackWalker.fetchStackFrames(JJII[Ljava/lang/Object;)I+0 java.base@11.0.4
j  java.lang.StackStreamFactory$AbstractStackWalker.fetchStackFrames(I)I+35 java.base@11.0.4
j  java.lang.StackStreamFactory$AbstractStackWalker.getNextBatch()I+61 java.base@11.0.4
j  java.lang.StackStreamFactory$AbstractStackWalker.peekFrame()Ljava/lang/Class;+32 java.base@11.0.4
j  java.lang.StackStreamFactory$AbstractStackWalker.hasNext()Z+1 java.base@11.0.4
j  java.lang.StackStreamFactory$StackFrameTraverser.tryAdvance(Ljava/util/function/Consumer;)Z+16 java.base@11.0.4
j  java.util.stream.ReferencePipeline.forEachWithCancel(Ljava/util/Spliterator;Ljava/util/stream/Sink;)Z+13 java.base@11.0.4
j  java.util.stream.AbstractPipeline.copyIntoWithCancel(Ljava/util/stream/Sink;Ljava/util/Spliterator;)Z+32 java.base@11.0.4
j  java.util.stream.AbstractPipeline.copyInto(Ljava/util/stream/Sink;Ljava/util/Spliterator;)V+49 java.base@11.0.4
j  java.util.stream.AbstractPipeline.wrapAndCopyInto(Ljava/util/stream/Sink;Ljava/util/Spliterator;)Ljava/util/stream/Sink;+13 java.base@11.0.4
j  java.util.stream.FindOps$FindOp.evaluateSequential(Ljava/util/stream/PipelineHelper;Ljava/util/Spliterator;)Ljava/lang/Object;+14 java.base@11.0.4
j  java.util.stream.AbstractPipeline.evaluate(Ljava/util/stream/TerminalOp;)Ljava/lang/Object;+88 java.base@11.0.4
j  java.util.stream.ReferencePipeline.findFirst()Ljava/util/Optional;+5 java.base@11.0.4
j  java.util.logging.LogRecord$CallerFinder.lambda$get$1(Ljava/util/stream/Stream;)Ljava/util/Optional;+7 java.logging@11.0.4
j  java.util.logging.LogRecord$CallerFinder$$Lambda$335.apply(Ljava/lang/Object;)Ljava/lang/Object;+8 java.logging@11.0.4
j  java.lang.StackStreamFactory$StackFrameTraverser.consumeFrames()Ljava/lang/Object;+25 java.base@11.0.4
j  java.lang.StackStreamFactory$AbstractStackWalker.doStackWalk(JIIII)Ljava/lang/Object;+78 java.base@11.0.4
v  ~StubRoutines::call_stub
j  java.lang.StackStreamFactory$AbstractStackWalker.callStackWalk(JIII[Ljava/lang/Object;)Ljava/lang/Object;+0 java.base@11.0.4
j  java.lang.StackStreamFactory$AbstractStackWalker.beginStackWalk()Ljava/lang/Object;+31 java.base@11.0.4
j  java.lang.StackStreamFactory$AbstractStackWalker.walk()Ljava/lang/Object;+8 java.base@11.0.4
j  java.lang.StackWalker.walk(Ljava/util/function/Function;)Ljava/lang/Object;+10 java.base@11.0.4
j  java.util.logging.LogRecord$CallerFinder.get()Ljava/util/Optional;+9 java.logging@11.0.4
j  java.util.logging.LogRecord.inferCaller()V+12 java.logging@11.0.4
j  java.util.logging.LogRecord.getSourceClassName()Ljava/lang/String;+8 java.logging@11.0.4
j  java.util.logging.SimpleFormatter.format(Ljava/util/logging/LogRecord;)Ljava/lang/String;+12 java.logging@11.0.4
j  java.util.logging.StreamHandler.publish(Ljava/util/logging/LogRecord;)V+14 java.logging@11.0.4
j  java.util.logging.ConsoleHandler.publish(Ljava/util/logging/LogRecord;)V+2 java.logging@11.0.4
j  java.util.logging.Logger.log(Ljava/util/logging/LogRecord;)V+90 java.logging@11.0.4
j  java.util.logging.Logger.doLog(Ljava/util/logging/LogRecord;)V+46 java.logging@11.0.4
j  java.util.logging.Logger.log(Ljava/util/logging/Level;Ljava/lang/String;Ljava/lang/Throwable;)V+29 java.logging@11.0.4
j  org.openqa.selenium.support.ui.ExpectedConditions.findElement(Lorg/openqa/selenium/By;Lorg/openqa/selenium/WebDriver;)Lorg/openqa/selenium/WebElement;+54
j  org.openqa.selenium.support.ui.ExpectedConditions.access$000(Lorg/openqa/selenium/By;Lorg/openqa/selenium/WebDriver;)Lorg/openqa/selenium/WebElement;+2
j  org.openqa.selenium.support.ui.ExpectedConditions$39.apply(Lorg/openqa/selenium/WebDriver;)Ljava/lang/Boolean;+5
j  org.openqa.selenium.support.ui.ExpectedConditions$39.apply(Ljava/lang/Object;)Ljava/lang/Object;+5
j  org.openqa.selenium.support.ui.FluentWait.until(Ljava/util/function/Function;)Ljava/lang/Object;+22
j  com.cucumbercraft.pages.FivestarBookingPage.ClickBookFiveStar()V+121
j  com.cucumbercraft.stepdefinitions.FivestarBookingStepDefination.user_is_able_to_perform_a_something_booking_using_something_details_and_submit_for(Ljava/lang/String;Ljava/lang/String;Ljava/lang/String;)V+0
v  ~StubRoutines::call_stub
j  jdk.internal.reflect.NativeMethodAccessorImpl.invoke0(Ljava/lang/reflect/Method;Ljava/lang/Object;[Ljava/lang/Object;)Ljava/lang/Object;+0 java.base@11.0.4
j  jdk.internal.reflect.NativeMethodAccessorImpl.invoke(Ljava/lang/Object;[Ljava/lang/Object;)Ljava/lang/Object;+100 java.base@11.0.4
J 3245 c1 jdk.internal.reflect.DelegatingMethodAccessorImpl.invoke(Ljava/lang/Object;[Ljava/lang/Object;)Ljava/lang/Object; java.base@11.0.4 (10 bytes) @ 0x000001989767f744 [0x000001989767f6c0+0x0000000000000084]
J 3244 c1 java.lang.reflect.Method.invoke(Ljava/lang/Object;[Ljava/lang/Object;)Ljava/lang/Object; java.base@11.0.4 (65 bytes) @ 0x000001989767f23c [0x000001989767f100+0x000000000000013c]
j  cucumber.runtime.Utils$1.call()Ljava/lang/Object;+28
j  cucumber.runtime.Timeout.timeout(Lcucumber/runtime/Timeout$Callback;J)Ljava/lang/Object;+7
j  cucumber.runtime.Utils.invoke(Ljava/lang/Object;Ljava/lang/reflect/Method;J[Ljava/lang/Object;)Ljava/lang/Object;+20
j  cucumber.runtime.java.JavaStepDefinition.execute(Lgherkin/I18n;[Ljava/lang/Object;)V+25
j  cucumber.runtime.StepDefinitionMatch.runStep(Lgherkin/I18n;)V+24
j  cucumber.runtime.Runtime.runStep(Ljava/lang/String;Lgherkin/formatter/model/Step;Lgherkin/formatter/Reporter;Lgherkin/I18n;)V+194
j  cucumber.runtime.model.StepContainer.runStep(Lgherkin/formatter/model/Step;Lgherkin/formatter/Reporter;Lcucumber/runtime/Runtime;)V+17
j  cucumber.runtime.model.StepContainer.runSteps(Lgherkin/formatter/Reporter;Lcucumber/runtime/Runtime;)V+35
j  cucumber.runtime.model.CucumberScenario.run(Lgherkin/formatter/Formatter;Lgherkin/formatter/Reporter;Lcucumber/runtime/Runtime;)V+52
j  cucumber.runtime.model.CucumberScenarioOutline.run(Lgherkin/formatter/Formatter;Lgherkin/formatter/Reporter;Lcucumber/runtime/Runtime;)V+87
j  cucumber.runtime.model.CucumberFeature.run(Lgherkin/formatter/Formatter;Lgherkin/formatter/Reporter;Lcucumber/runtime/Runtime;)V+58
j  cucumber.api.testng.TestNGCucumberRunner.runCucumber(Lcucumber/runtime/model/CucumberFeature;)V+27
j  cucumber.api.testng.AbstractTestNGCucumberTests.feature(Lcucumber/api/testng/CucumberFeatureWrapper;)V+10
v  ~StubRoutines::call_stub
j  jdk.internal.reflect.NativeMethodAccessorImpl.invoke0(Ljava/lang/reflect/Method;Ljava/lang/Object;[Ljava/lang/Object;)Ljava/lang/Object;+0 java.base@11.0.4
j  jdk.internal.reflect.NativeMethodAccessorImpl.invoke(Ljava/lang/Object;[Ljava/lang/Object;)Ljava/lang/Object;+100 java.base@11.0.4
j  jdk.internal.reflect.DelegatingMethodAccessorImpl.invoke(Ljava/lang/Object;[Ljava/lang/Object;)Ljava/lang/Object;+6 java.base@11.0.4
j  java.lang.reflect.Method.invoke(Ljava/lang/Object;[Ljava/lang/Object;)Ljava/lang/Object;+59 java.base@11.0.4
j  org.testng.internal.MethodInvocationHelper.invokeMethod(Ljava/lang/reflect/Method;Ljava/lang/Object;[Ljava/lang/Object;)Ljava/lang/Object;+279
j  org.testng.internal.Invoker.invokeMethod(Ljava/lang/Object;Lorg/testng/ITestNGMethod;[Ljava/lang/Object;ILorg/testng/xml/XmlSuite;Ljava/util/Map;Lorg/testng/ITestClass;[Lorg/testng/ITestNGMethod;[Lorg/testng/ITestNGMethod;Lorg/testng/internal/ConfigurationGroupMethods;Lorg/testng/internal/Invoker$FailureContext;)Lorg/testng/ITestResult;+306
j  org.testng.internal.Invoker.invokeTestMethod(Ljava/lang/Object;Lorg/testng/ITestNGMethod;[Ljava/lang/Object;ILorg/testng/xml/XmlSuite;Ljava/util/Map;Lorg/testng/ITestClass;[Lorg/testng/ITestNGMethod;[Lorg/testng/ITestNGMethod;Lorg/testng/internal/ConfigurationGroupMethods;Lorg/testng/internal/Invoker$FailureContext;)Lorg/testng/ITestResult;+29
j  org.testng.internal.Invoker.invokeTestMethods(Lorg/testng/ITestNGMethod;Lorg/testng/xml/XmlSuite;Ljava/util/Map;Lorg/testng/internal/ConfigurationGroupMethods;Ljava/lang/Object;Lorg/testng/ITestContext;)Ljava/util/List;+757
j  org.testng.internal.TestMethodWorker.invokeTestMethods(Lorg/testng/ITestNGMethod;Ljava/lang/Object;Lorg/testng/ITestContext;)V+19
j  org.testng.internal.TestMethodWorker.run()V+60
j  org.testng.TestRunner.privateRun(Lorg/testng/xml/XmlTest;)V+298
j  org.testng.TestRunner.run()V+25
j  org.testng.SuiteRunner.runTest(Lorg/testng/TestRunner;)V+1
j  org.testng.SuiteRunner.access$000(Lorg/testng/SuiteRunner;Lorg/testng/TestRunner;)V+2
j  org.testng.SuiteRunner$SuiteWorker.run()V+47
j  org.testng.internal.thread.ThreadUtil$1.call()Ljava/lang/Object;+4
j  java.util.concurrent.FutureTask.run()V+39 java.base@11.0.4
j  java.util.concurrent.ThreadPoolExecutor.runWorker(Ljava/util/concurrent/ThreadPoolExecutor$Worker;)V+92 java.base@11.0.4
j  java.util.concurrent.ThreadPoolExecutor$Worker.run()V+5 java.base@11.0.4
j  java.lang.Thread.run()V+11 java.base@11.0.4
v  ~StubRoutines::call_stub

siginfo: EXCEPTION_ACCESS_VIOLATION (0xc0000005), reading address 0x0000000000000008


Register to memory mapping:

RIP=0x00007ff888653c5b jvm.dll
RAX=0x0000000000000010 is an unknown value
RBX=0x00000198ab8275e0 points into unknown readable memory: 78 ad 0b c7 00 00 00 00
RCX=0x00000000c70bad78 is an oop: java.lang.invoke.ResolvedMethodName 
{0x00000000c70bad78} - klass: 'java/lang/invoke/ResolvedMethodName'
RDX=0x0000000000000010 is an unknown value
RSP=0x00000009188f8cd0 is pointing into the stack for thread: 0x00000198b1017000
RBP=0x00000000c70bad78 is an oop: java.lang.invoke.ResolvedMethodName 
{0x00000000c70bad78} - klass: 'java/lang/invoke/ResolvedMethodName'
RSI=0x0 is NULL
RDI=0x000001988e6325a0 points into unknown readable memory: 01 00 00 00 00 00 00 00
R8 =0x0 is NULL
R9 ={method} {0x00000198b2efddc0} 'BookFSFillCarddetails_Proceedtopay' '(Ljava/lang/String;)V' in 'com/cucumbercraft/pages/FivestarBookingPage'
R10=0x0000000000000021 is an unknown value
R11=0x0000000000000021 is an unknown value
R12=0x0000000000000079 is an unknown value
R13=0x000000010045abe8 is a pointer to class: 
com.cucumbercraft.pages.FivestarBookingPage {0x000000010045abf0}
R14=0x000000010045abe8 is a pointer to class: 
com.cucumbercraft.pages.FivestarBookingPage {0x000000010045abf0}
R15=0x00000198b1017000 is a thread


Registers:
RAX=0x0000000000000010, RBX=0x00000198ab8275e0, RCX=0x00000000c70bad78, RDX=0x0000000000000010
RSP=0x00000009188f8cd0, RBP=0x00000000c70bad78, RSI=0x0000000000000000, RDI=0x000001988e6325a0
R8 =0x0000000000000000, R9 =0x00000198b2efddb8, R10=0x0000000000000021, R11=0x0000000000000021
R12=0x0000000000000079, R13=0x000000010045abe8, R14=0x000000010045abe8, R15=0x00000198b1017000
RIP=0x00007ff888653c5b, EFLAGS=0x0000000000010202

Top of Stack: (sp=0x00000009188f8cd0)
0x00000009188f8cd0:   00007bf2e2c66fb3 000000010045abe8
0x00000009188f8ce0:   00000198b1017000 00000198b2ee9788
0x00000009188f8cf0:   00000198b1017000 00007ff888356013
0x00000009188f8d00:   00000000c70bad78 00000198b2ee9788
0x00000009188f8d10:   00000009188f8d50 0000019896960000
0x00000009188f8d20:   00000000fffffffe 00007ff8884f1cd9
0x00000009188f8d30:   00000198ab8275e0 0000000000000000
0x00000009188f8d40:   00000009188f8db0 00000198b2ee9788
0x00000009188f8d50:   00000198b2ee9788 00000198b1017000
0x00000009188f8d60:   00000009188f8e88 00000198b1017000
0x00000009188f8d70:   00000009188f9fa0 0000000000000079
0x00000009188f8d80:   00000198ab8275d0 00007ff8883599b6
0x00000009188f8d90:   00000198ab8275d8 00000000c70bab98
0x00000009188f8da0:   00000198b1017000 00000198b1017000
0x00000009188f8db0:   000000010045abe8 000000010045abe8
0x00000009188f8dc0:   00000198b2ee9788 00000198b1017000 

Instructions: (pc=0x00007ff888653c5b)
0x00007ff888653c3b:   2e 48 8b 48 18 e8 9b 6f ce ff 48 8b f0 48 85 db
0x00007ff888653c4b:   74 03 48 8b 2b 48 8b d0 48 8b cd e8 f5 63 d0 ff
0x00007ff888653c5b:   48 8b 46 08 4c 8b c3 48 8b d6 48 8b 48 08 48 8b
0x00007ff888653c6b:   41 18 b9 00 80 00 00 66 09 88 3a 01 00 00 48 8b 


Stack slot to memory mapping:
stack at sp + 0 slots: 0x00007bf2e2c66fb3 is an unknown value
stack at sp + 1 slots: 0x000000010045abe8 is a pointer to class: 
com.cucumbercraft.pages.FivestarBookingPage {0x000000010045abf0}
stack at sp + 2 slots: 0x00000198b1017000 is a thread
stack at sp + 3 slots: {method} {0x00000198b2ee9790} 'ClickBookFiveStar' '()V' in 'com/cucumbercraft/pages/FivestarBookingPage'
stack at sp + 4 slots: 0x00000198b1017000 is a thread
stack at sp + 5 slots: 0x00007ff888356013 jvm.dll
stack at sp + 6 slots: 0x00000000c70bad78 is an oop: java.lang.invoke.ResolvedMethodName 
{0x00000000c70bad78} - klass: 'java/lang/invoke/ResolvedMethodName'
stack at sp + 7 slots: {method} {0x00000198b2ee9790} 'ClickBookFiveStar' '()V' in 'com/cucumbercraft/pages/FivestarBookingPage'


---------------  P R O C E S S  ---------------

Threads class SMR info:
_java_thread_list=0x00000198b4759d30, length=20, elements={
0x000001988e634000, 0x00000198aabc0000, 0x00000198aabed800, 0x00000198aac02000,
0x00000198aac03000, 0x00000198aac06000, 0x00000198aac1a000, 0x00000198aac28000,
0x000001988e6e2800, 0x00000198ab997000, 0x00000198ab99b000, 0x00000198ab92f000,
0x00000198ab920800, 0x00000198aed60800, 0x00000198b1017000, 0x00000198b4440800,
0x00000198b476b000, 0x00000198b4785000, 0x00000198b3e80000, 0x00000198b3e7f000
}

Java Threads: ( => current thread )
  0x000001988e634000 JavaThread "main" [_thread_blocked, id=29024, stack(0x0000000916c00000,0x0000000916d00000)]
  0x00000198aabc0000 JavaThread "Reference Handler" daemon [_thread_blocked, id=32904, stack(0x0000000917300000,0x0000000917400000)]
  0x00000198aabed800 JavaThread "Finalizer" daemon [_thread_blocked, id=37248, stack(0x0000000917400000,0x0000000917500000)]
  0x00000198aac02000 JavaThread "Signal Dispatcher" daemon [_thread_blocked, id=31884, stack(0x0000000917500000,0x0000000917600000)]
  0x00000198aac03000 JavaThread "Attach Listener" daemon [_thread_blocked, id=34572, stack(0x0000000917600000,0x0000000917700000)]
  0x00000198aac06000 JavaThread "C2 CompilerThread0" daemon [_thread_blocked, id=10628, stack(0x0000000917700000,0x0000000917800000)]
  0x00000198aac1a000 JavaThread "C1 CompilerThread0" daemon [_thread_blocked, id=680, stack(0x0000000917800000,0x0000000917900000)]
  0x00000198aac28000 JavaThread "Sweeper thread" daemon [_thread_blocked, id=26596, stack(0x0000000917900000,0x0000000917a00000)]
  0x000001988e6e2800 JavaThread "Common-Cleaner" daemon [_thread_blocked, id=32340, stack(0x0000000917a00000,0x0000000917b00000)]
  0x00000198ab997000 JavaThread "JDWP Transport Listener: dt_socket" daemon [_thread_blocked, id=22064, stack(0x0000000917b00000,0x0000000917c00000)]
  0x00000198ab99b000 JavaThread "JDWP Event Helper Thread" daemon [_thread_blocked, id=33080, stack(0x0000000917c00000,0x0000000917d00000)]
  0x00000198ab92f000 JavaThread "JDWP Command Reader" daemon [_thread_in_native, id=20372, stack(0x0000000917d00000,0x0000000917e00000)]
  0x00000198ab920800 JavaThread "Service Thread" daemon [_thread_blocked, id=24664, stack(0x0000000917e00000,0x0000000917f00000)]
  0x00000198aed60800 JavaThread "ReaderThread" [_thread_in_native, id=6184, stack(0x0000000918400000,0x0000000918500000)]
=>0x00000198b1017000 JavaThread "TestNG-tests-1" [_thread_in_vm, id=11468, stack(0x0000000918800000,0x0000000918900000)]
  0x00000198b4440800 JavaThread "Exec Default Executor" daemon [_thread_in_native, id=32076, stack(0x0000000918b00000,0x0000000918c00000)]
  0x00000198b476b000 JavaThread "Exec Stream Pumper" daemon [_thread_in_native, id=27524, stack(0x0000000918d00000,0x0000000918e00000)]
  0x00000198b4785000 JavaThread "Exec Stream Pumper" daemon [_thread_in_native, id=13364, stack(0x0000000918e00000,0x0000000918f00000)]
  0x00000198b3e80000 JavaThread "OkHttp ConnectionPool" daemon [_thread_blocked, id=19252, stack(0x0000000919000000,0x0000000919100000)]
  0x00000198b3e7f000 JavaThread "Okio Watchdog" daemon [_thread_blocked, id=21304, stack(0x0000000919100000,0x0000000919200000)]

Other Threads:
  0x00000198aabbe000 VMThread "VM Thread" [stack: 0x0000000917200000,0x0000000917300000] [id=32120]
  0x00000198ac13d800 WatcherThread [stack: 0x0000000917f00000,0x0000000918000000] [id=30976]
  0x000001988e64d000 GCTaskThread "GC Thread#0" [stack: 0x0000000916d00000,0x0000000916e00000] [id=10296]
  0x00000198ac04f000 GCTaskThread "GC Thread#1" [stack: 0x0000000918100000,0x0000000918200000] [id=36180]
  0x00000198ace18800 GCTaskThread "GC Thread#2" [stack: 0x0000000918500000,0x0000000918600000] [id=30512]
  0x00000198aecca800 GCTaskThread "GC Thread#3" [stack: 0x0000000918600000,0x0000000918700000] [id=35964]
  0x00000198aecfa800 GCTaskThread "GC Thread#4" [stack: 0x0000000918900000,0x0000000918a00000] [id=28196]
  0x00000198ad07a000 GCTaskThread "GC Thread#5" [stack: 0x0000000918a00000,0x0000000918b00000] [id=19468]
  0x000001988e66b800 ConcurrentGCThread "G1 Main Marker" [stack: 0x0000000916e00000,0x0000000916f00000] [id=34452]
  0x000001988e66d000 ConcurrentGCThread "G1 Conc#0" [stack: 0x0000000916f00000,0x0000000917000000] [id=22240]
  0x00000198b0725000 ConcurrentGCThread "G1 Conc#1" [stack: 0x0000000918700000,0x0000000918800000] [id=12072]
  0x000001988e6d8000 ConcurrentGCThread "G1 Refine#0" [stack: 0x0000000917000000,0x0000000917100000] [id=30284]
  0x000001988e6d9800 ConcurrentGCThread "G1 Young RemSet Sampling" [stack: 0x0000000917100000,0x0000000917200000] [id=39844]

Threads with active compile tasks:

VM state:not at safepoint (normal execution)

VM Mutex/Monitor currently owned by a thread:  ([mutex/lock_event])
[0x000001988e6325a0] ResolvedMethodTable_lock - owner thread: 0x00000198b1017000

Heap address: 0x00000000c1c00000, size: 996 MB, Compressed Oops mode: 32-bit
Narrow klass base: 0x0000000000000000, Narrow klass shift: 3
Compressed class space size: 1073741824 Address: 0x0000000100000000

Heap:
 garbage-first heap   total 95232K, used 53486K [0x00000000c1c00000, 0x0000000100000000)
  region size 1024K, 12 young (12288K), 3 survivors (3072K)
 Metaspace       used 37057K, capacity 37841K, committed 37936K, reserved 1083392K
  class space    used 4190K, capacity 4477K, committed 4480K, reserved 1048576K
Heap Regions: E=young(eden), S=young(survivor), O=old, HS=humongous(starts), HC=humongous(continues), CS=collection set, F=free, A=archive, TAMS=top-at-mark-start (previous, next)
|   0|0x00000000c1c00000, 0x00000000c1d00000, 0x00000000c1d00000|100%|HS|  |TAMS 0x00000000c1d00000, 0x00000000c1c00000| Complete 
|   1|0x00000000c1d00000, 0x00000000c1e00000, 0x00000000c1e00000|100%| O|  |TAMS 0x00000000c1e00000, 0x00000000c1d00000| Untracked 
|   2|0x00000000c1e00000, 0x00000000c1f00000, 0x00000000c1f00000|100%| O|  |TAMS 0x00000000c1f00000, 0x00000000c1e00000| Untracked 
|   3|0x00000000c1f00000, 0x00000000c2000000, 0x00000000c2000000|100%| O|  |TAMS 0x00000000c2000000, 0x00000000c1f00000| Untracked 
|   4|0x00000000c2000000, 0x00000000c2100000, 0x00000000c2100000|100%| O|  |TAMS 0x00000000c2100000, 0x00000000c2000000| Untracked 
|   5|0x00000000c2100000, 0x00000000c2200000, 0x00000000c2200000|100%| O|  |TAMS 0x00000000c2200000, 0x00000000c2100000| Untracked 
|   6|0x00000000c2200000, 0x00000000c2300000, 0x00000000c2300000|100%| O|  |TAMS 0x00000000c2300000, 0x00000000c2200000| Untracked 
|   7|0x00000000c2300000, 0x00000000c2400000, 0x00000000c2400000|100%| O|  |TAMS 0x00000000c2400000, 0x00000000c2300000| Untracked 
|   8|0x00000000c2400000, 0x00000000c2500000, 0x00000000c2500000|100%| O|  |TAMS 0x00000000c2500000, 0x00000000c2400000| Untracked 
|   9|0x00000000c2500000, 0x00000000c2600000, 0x00000000c2600000|100%| O|  |TAMS 0x00000000c2600000, 0x00000000c2500000| Untracked 
|  10|0x00000000c2600000, 0x00000000c2700000, 0x00000000c2700000|100%| O|  |TAMS 0x00000000c2700000, 0x00000000c2600000| Untracked 
|  11|0x00000000c2700000, 0x00000000c2800000, 0x00000000c2800000|100%| O|  |TAMS 0x00000000c2800000, 0x00000000c2700000| Untracked 
|  12|0x00000000c2800000, 0x00000000c2900000, 0x00000000c2900000|100%| O|  |TAMS 0x00000000c2900000, 0x00000000c2800000| Untracked 
|  13|0x00000000c2900000, 0x00000000c2a00000, 0x00000000c2a00000|100%| O|  |TAMS 0x00000000c2a00000, 0x00000000c2900000| Untracked 
|  14|0x00000000c2a00000, 0x00000000c2b00000, 0x00000000c2b00000|100%| O|  |TAMS 0x00000000c2b00000, 0x00000000c2a00000| Untracked 
|  15|0x00000000c2b00000, 0x00000000c2c00000, 0x00000000c2c00000|100%| O|  |TAMS 0x00000000c2c00000, 0x00000000c2b00000| Untracked 
|  16|0x00000000c2c00000, 0x00000000c2d00000, 0x00000000c2d00000|100%| O|  |TAMS 0x00000000c2d00000, 0x00000000c2c00000| Untracked 
|  17|0x00000000c2d00000, 0x00000000c2e00000, 0x00000000c2e00000|100%| O|  |TAMS 0x00000000c2e00000, 0x00000000c2d00000| Untracked 
|  18|0x00000000c2e00000, 0x00000000c2f00000, 0x00000000c2f00000|100%| O|  |TAMS 0x00000000c2f00000, 0x00000000c2e00000| Untracked 
|  19|0x00000000c2f00000, 0x00000000c3000000, 0x00000000c3000000|100%| O|  |TAMS 0x00000000c3000000, 0x00000000c2f00000| Untracked 
|  20|0x00000000c3000000, 0x00000000c3100000, 0x00000000c3100000|100%| O|  |TAMS 0x00000000c3100000, 0x00000000c3000000| Untracked 
|  21|0x00000000c3100000, 0x00000000c3200000, 0x00000000c3200000|100%| O|  |TAMS 0x00000000c3200000, 0x00000000c3100000| Untracked 
|  22|0x00000000c3200000, 0x00000000c3300000, 0x00000000c3300000|100%| O|  |TAMS 0x00000000c3300000, 0x00000000c3200000| Untracked 
|  23|0x00000000c3300000, 0x00000000c3400000, 0x00000000c3400000|100%| O|  |TAMS 0x00000000c3400000, 0x00000000c3300000| Untracked 
|  24|0x00000000c3400000, 0x00000000c3500000, 0x00000000c3500000|100%| O|  |TAMS 0x00000000c3500000, 0x00000000c3400000| Untracked 
|  25|0x00000000c3500000, 0x00000000c3600000, 0x00000000c3600000|100%| O|  |TAMS 0x00000000c3600000, 0x00000000c3500000| Untracked 
|  26|0x00000000c3600000, 0x00000000c3700000, 0x00000000c3700000|100%| O|  |TAMS 0x00000000c3700000, 0x00000000c3600000| Untracked 
|  27|0x00000000c3700000, 0x00000000c3800000, 0x00000000c3800000|100%| O|  |TAMS 0x00000000c3800000, 0x00000000c3700000| Untracked 
|  28|0x00000000c3800000, 0x00000000c3900000, 0x00000000c3900000|100%| O|  |TAMS 0x00000000c3900000, 0x00000000c3800000| Untracked 
|  29|0x00000000c3900000, 0x00000000c3a00000, 0x00000000c3a00000|100%| O|  |TAMS 0x00000000c3a00000, 0x00000000c3900000| Untracked 
|  30|0x00000000c3a00000, 0x00000000c3b00000, 0x00000000c3b00000|100%| O|  |TAMS 0x00000000c3b00000, 0x00000000c3a00000| Untracked 
|  31|0x00000000c3b00000, 0x00000000c3c00000, 0x00000000c3c00000|100%| O|  |TAMS 0x00000000c3c00000, 0x00000000c3b00000| Untracked 
|  32|0x00000000c3c00000, 0x00000000c3d00000, 0x00000000c3d00000|100%| O|  |TAMS 0x00000000c3d00000, 0x00000000c3c00000| Untracked 
|  33|0x00000000c3d00000, 0x00000000c3e00000, 0x00000000c3e00000|100%| O|  |TAMS 0x00000000c3e00000, 0x00000000c3d00000| Untracked 
|  34|0x00000000c3e00000, 0x00000000c3f00000, 0x00000000c3f00000|100%| O|  |TAMS 0x00000000c3f00000, 0x00000000c3e00000| Untracked 
|  35|0x00000000c3f00000, 0x00000000c4000000, 0x00000000c4000000|100%| O|  |TAMS 0x00000000c4000000, 0x00000000c3f00000| Untracked 
|  36|0x00000000c4000000, 0x00000000c4100000, 0x00000000c4100000|100%| O|  |TAMS 0x00000000c4100000, 0x00000000c4000000| Untracked 
|  37|0x00000000c4100000, 0x00000000c4200000, 0x00000000c4200000|100%| O|  |TAMS 0x00000000c4144a00, 0x00000000c4100000| Untracked 
|  38|0x00000000c4200000, 0x00000000c4300000, 0x00000000c4300000|100%| O|  |TAMS 0x00000000c4200000, 0x00000000c4200000| Untracked 
|  39|0x00000000c4300000, 0x00000000c4400000, 0x00000000c4400000|100%| O|  |TAMS 0x00000000c4300000, 0x00000000c4300000| Untracked 
|  40|0x00000000c4400000, 0x00000000c4500000, 0x00000000c4500000|100%| O|  |TAMS 0x00000000c4400000, 0x00000000c4400000| Untracked 
|  41|0x00000000c4500000, 0x00000000c4600000, 0x00000000c4600000|100%| O|  |TAMS 0x00000000c4500000, 0x00000000c4500000| Untracked 
|  42|0x00000000c4600000, 0x00000000c460c600, 0x00000000c4700000|  4%| O|  |TAMS 0x00000000c4600000, 0x00000000c4600000| Untracked 
|  43|0x00000000c4700000, 0x00000000c4700000, 0x00000000c4800000|  0%| F|  |TAMS 0x00000000c4700000, 0x00000000c4700000| Untracked 
|  44|0x00000000c4800000, 0x00000000c4800000, 0x00000000c4900000|  0%| F|  |TAMS 0x00000000c4800000, 0x00000000c4800000| Untracked 
|  45|0x00000000c4900000, 0x00000000c4900000, 0x00000000c4a00000|  0%| F|  |TAMS 0x00000000c4900000, 0x00000000c4900000| Untracked 
|  46|0x00000000c4a00000, 0x00000000c4a00000, 0x00000000c4b00000|  0%| F|  |TAMS 0x00000000c4a00000, 0x00000000c4a00000| Untracked 
|  47|0x00000000c4b00000, 0x00000000c4b00000, 0x00000000c4c00000|  0%| F|  |TAMS 0x00000000c4b00000, 0x00000000c4b00000| Untracked 
|  48|0x00000000c4c00000, 0x00000000c4c00000, 0x00000000c4d00000|  0%| F|  |TAMS 0x00000000c4c00000, 0x00000000c4c00000| Untracked 
|  49|0x00000000c4d00000, 0x00000000c4d00000, 0x00000000c4e00000|  0%| F|  |TAMS 0x00000000c4d00000, 0x00000000c4d00000| Untracked 
|  50|0x00000000c4e00000, 0x00000000c4e00000, 0x00000000c4f00000|  0%| F|  |TAMS 0x00000000c4e00000, 0x00000000c4e00000| Untracked 
|  51|0x00000000c4f00000, 0x00000000c4f00000, 0x00000000c5000000|  0%| F|  |TAMS 0x00000000c4f00000, 0x00000000c4f00000| Untracked 
|  52|0x00000000c5000000, 0x00000000c5000000, 0x00000000c5100000|  0%| F|  |TAMS 0x00000000c5000000, 0x00000000c5000000| Untracked 
|  53|0x00000000c5100000, 0x00000000c5100000, 0x00000000c5200000|  0%| F|  |TAMS 0x00000000c5100000, 0x00000000c5100000| Untracked 
|  54|0x00000000c5200000, 0x00000000c5200000, 0x00000000c5300000|  0%| F|  |TAMS 0x00000000c5200000, 0x00000000c5200000| Untracked 
|  55|0x00000000c5300000, 0x00000000c5300000, 0x00000000c5400000|  0%| F|  |TAMS 0x00000000c5300000, 0x00000000c5300000| Untracked 
|  56|0x00000000c5400000, 0x00000000c5400000, 0x00000000c5500000|  0%| F|  |TAMS 0x00000000c5400000, 0x00000000c5400000| Untracked 
|  57|0x00000000c5500000, 0x00000000c5500000, 0x00000000c5600000|  0%| F|  |TAMS 0x00000000c5500000, 0x00000000c5500000| Untracked 
|  58|0x00000000c5600000, 0x00000000c562f4f0, 0x00000000c5700000| 18%| S|CS|TAMS 0x00000000c5600000, 0x00000000c5600000| Complete 
|  59|0x00000000c5700000, 0x00000000c5800000, 0x00000000c5800000|100%| S|CS|TAMS 0x00000000c5700000, 0x00000000c5700000| Complete 
|  60|0x00000000c5800000, 0x00000000c5900000, 0x00000000c5900000|100%| S|CS|TAMS 0x00000000c5800000, 0x00000000c5800000| Complete 
|  61|0x00000000c5900000, 0x00000000c5900000, 0x00000000c5a00000|  0%| F|  |TAMS 0x00000000c5900000, 0x00000000c5900000| Untracked 
|  62|0x00000000c5a00000, 0x00000000c5a00000, 0x00000000c5b00000|  0%| F|  |TAMS 0x00000000c5a00000, 0x00000000c5a00000| Untracked 
|  63|0x00000000c5b00000, 0x00000000c5b00000, 0x00000000c5c00000|  0%| F|  |TAMS 0x00000000c5b00000, 0x00000000c5b00000| Untracked 
|  64|0x00000000c5c00000, 0x00000000c5c00000, 0x00000000c5d00000|  0%| F|  |TAMS 0x00000000c5c00000, 0x00000000c5c00000| Untracked 
|  65|0x00000000c5d00000, 0x00000000c5d00000, 0x00000000c5e00000|  0%| F|  |TAMS 0x00000000c5d00000, 0x00000000c5d00000| Untracked 
|  66|0x00000000c5e00000, 0x00000000c5e00000, 0x00000000c5f00000|  0%| F|  |TAMS 0x00000000c5e00000, 0x00000000c5e00000| Untracked 
|  67|0x00000000c5f00000, 0x00000000c5f00000, 0x00000000c6000000|  0%| F|  |TAMS 0x00000000c5f00000, 0x00000000c5f00000| Untracked 
|  68|0x00000000c6000000, 0x00000000c6000000, 0x00000000c6100000|  0%| F|  |TAMS 0x00000000c6000000, 0x00000000c6000000| Untracked 
|  69|0x00000000c6100000, 0x00000000c6100000, 0x00000000c6200000|  0%| F|  |TAMS 0x00000000c6100000, 0x00000000c6100000| Untracked 
|  70|0x00000000c6200000, 0x00000000c6200000, 0x00000000c6300000|  0%| F|  |TAMS 0x00000000c6200000, 0x00000000c6200000| Untracked 
|  71|0x00000000c6300000, 0x00000000c6300000, 0x00000000c6400000|  0%| F|  |TAMS 0x00000000c6300000, 0x00000000c6300000| Untracked 
|  72|0x00000000c6400000, 0x00000000c6400000, 0x00000000c6500000|  0%| F|  |TAMS 0x00000000c6400000, 0x00000000c6400000| Untracked 
|  73|0x00000000c6500000, 0x00000000c6500000, 0x00000000c6600000|  0%| F|  |TAMS 0x00000000c6500000, 0x00000000c6500000| Untracked 
|  74|0x00000000c6600000, 0x00000000c6600000, 0x00000000c6700000|  0%| F|  |TAMS 0x00000000c6600000, 0x00000000c6600000| Untracked 
|  75|0x00000000c6700000, 0x00000000c6700000, 0x00000000c6800000|  0%| F|  |TAMS 0x00000000c6700000, 0x00000000c6700000| Untracked 
|  76|0x00000000c6800000, 0x00000000c6800000, 0x00000000c6900000|  0%| F|  |TAMS 0x00000000c6800000, 0x00000000c6800000| Untracked 
|  77|0x00000000c6900000, 0x00000000c6900000, 0x00000000c6a00000|  0%| F|  |TAMS 0x00000000c6900000, 0x00000000c6900000| Untracked 
|  78|0x00000000c6a00000, 0x00000000c6a00000, 0x00000000c6b00000|  0%| F|  |TAMS 0x00000000c6a00000, 0x00000000c6a00000| Untracked 
|  79|0x00000000c6b00000, 0x00000000c6b00000, 0x00000000c6c00000|  0%| F|  |TAMS 0x00000000c6b00000, 0x00000000c6b00000| Untracked 
|  80|0x00000000c6c00000, 0x00000000c6c00000, 0x00000000c6d00000|  0%| F|  |TAMS 0x00000000c6c00000, 0x00000000c6c00000| Untracked 
|  81|0x00000000c6d00000, 0x00000000c6d00000, 0x00000000c6e00000|  0%| F|  |TAMS 0x00000000c6d00000, 0x00000000c6d00000| Untracked 
|  82|0x00000000c6e00000, 0x00000000c6e00000, 0x00000000c6f00000|  0%| F|  |TAMS 0x00000000c6e00000, 0x00000000c6e00000| Untracked 
|  83|0x00000000c6f00000, 0x00000000c6f00000, 0x00000000c7000000|  0%| F|  |TAMS 0x00000000c6f00000, 0x00000000c6f00000| Untracked 
|  84|0x00000000c7000000, 0x00000000c7100000, 0x00000000c7100000|100%| E|  |TAMS 0x00000000c7000000, 0x00000000c7000000| Complete 
|  85|0x00000000c7100000, 0x00000000c7200000, 0x00000000c7200000|100%| E|CS|TAMS 0x00000000c7100000, 0x00000000c7100000| Complete 
|  86|0x00000000c7200000, 0x00000000c7300000, 0x00000000c7300000|100%| E|CS|TAMS 0x00000000c7200000, 0x00000000c7200000| Complete 
|  87|0x00000000c7300000, 0x00000000c7400000, 0x00000000c7400000|100%| E|CS|TAMS 0x00000000c7300000, 0x00000000c7300000| Complete 
|  88|0x00000000c7400000, 0x00000000c7500000, 0x00000000c7500000|100%| E|CS|TAMS 0x00000000c7400000, 0x00000000c7400000| Complete 
|  89|0x00000000c7500000, 0x00000000c7600000, 0x00000000c7600000|100%| E|CS|TAMS 0x00000000c7500000, 0x00000000c7500000| Complete 
|  90|0x00000000c7600000, 0x00000000c7700000, 0x00000000c7700000|100%| E|CS|TAMS 0x00000000c7600000, 0x00000000c7600000| Complete 
|  91|0x00000000c7700000, 0x00000000c7800000, 0x00000000c7800000|100%| E|CS|TAMS 0x00000000c7700000, 0x00000000c7700000| Complete 
|  92|0x00000000c7800000, 0x00000000c7900000, 0x00000000c7900000|100%| E|CS|TAMS 0x00000000c7800000, 0x00000000c7800000| Complete 

Card table byte_map: [0x00000198a5ea0000,0x00000198a60a0000] _byte_map_base: 0x00000198a5892000

Marking Bits (Prev, Next): (CMBitMap*) 0x000001988e667000, (CMBitMap*) 0x000001988e666fc8
 Prev Bits: [0x00000198a7230000, 0x00000198a81c0000)
 Next Bits: [0x00000198a62a0000, 0x00000198a7230000)

Polling page: 0x000001988c5b0000

Metaspace:

Usage:
  Non-class:     32.58 MB capacity,    32.10 MB ( 99%) used,   405.21 KB (  1%) free+waste,    91.19 KB ( <1%) overhead. 
      Class:      4.37 MB capacity,     4.09 MB ( 94%) used,   246.70 KB (  6%) free+waste,    40.06 KB ( <1%) overhead. 
       Both:     36.95 MB capacity,    36.19 MB ( 98%) used,   651.91 KB (  2%) free+waste,   131.25 KB ( <1%) overhead. 

Virtual space:
  Non-class space:       34.00 MB reserved,      32.67 MB ( 96%) committed 
      Class space:        1.00 GB reserved,       4.38 MB ( <1%) committed 
             Both:        1.03 GB reserved,      37.05 MB (  4%) committed 

Chunk freelists:
   Non-Class:  3.50 KB
       Class:  384 bytes
        Both:  3.88 KB

CodeHeap 'non-profiled nmethods': size=120000Kb used=4024Kb max_used=4891Kb free=115975Kb
 bounds [0x000001989e430000, 0x000001989e910000, 0x00000198a5960000]
CodeHeap 'profiled nmethods': size=120000Kb used=8833Kb max_used=9965Kb free=111166Kb
 bounds [0x0000019896f00000, 0x00000198978c0000, 0x000001989e430000]
CodeHeap 'non-nmethods': size=5760Kb used=1249Kb max_used=1410Kb free=4510Kb
 bounds [0x0000019896960000, 0x0000019896bd0000, 0x0000019896f00000]
 total_blobs=6096 nmethods=4133 adapters=424
 compilation: enabled
              stopped_count=0, restarted_count=0
 full_count=0

Compilation events (10 events):
Event: 212.693 Thread 0x00000198aac1a000 4753       3       okhttp3.ConnectionPool::pruneAndGetAllocationCount (152 bytes)
Event: 212.694 Thread 0x00000198aac1a000 nmethod 4753 0x0000019897189f90 code [0x000001989718a340, 0x000001989718bd30]
Event: 215.405 Thread 0x00000198aac06000 4754   !   4       org.aspectj.apache.bcel.classfile.LocalVariableTable::unpack (111 bytes)
Event: 215.460 Thread 0x00000198aac06000 nmethod 4754 0x000001989e477310 code [0x000001989e477540, 0x000001989e4787d8]
Event: 215.460 Thread 0x00000198aac06000 4755   !   4       java.util.Collections$SynchronizedMap::get (25 bytes)
Event: 215.473 Thread 0x00000198aac06000 nmethod 4755 0x000001989e448690 code [0x000001989e448860, 0x000001989e4492a8]
Event: 246.142 Thread 0x00000198aac1a000 4756   !   3       java.io.PrintStream::write (66 bytes)
Event: 246.144 Thread 0x00000198aac1a000 nmethod 4756 0x0000019896fd6090 code [0x0000019896fd62c0, 0x0000019896fd6aa0]
Event: 246.144 Thread 0x00000198aac1a000 4757  s    3       java.io.BufferedOutputStream::write (35 bytes)
Event: 246.145 Thread 0x00000198aac1a000 nmethod 4757 0x0000019896f46c10 code [0x0000019896f46de0, 0x0000019896f472b0]

GC Heap History (10 events):
Event: 12.652 GC heap before
{Heap before GC invocations=22 (full 0):
 garbage-first heap   total 78848K, used 62154K [0x00000000c1c00000, 0x0000000100000000)
  region size 1024K, 27 young (27648K), 3 survivors (3072K)
 Metaspace       used 32865K, capacity 33348K, committed 33584K, reserved 1079296K
  class space    used 3678K, capacity 3864K, committed 3968K, reserved 1048576K
}
Event: 12.658 GC heap after
{Heap after GC invocations=23 (full 0):
 garbage-first heap   total 95232K, used 40049K [0x00000000c1c00000, 0x0000000100000000)
  region size 1024K, 2 young (2048K), 2 survivors (2048K)
 Metaspace       used 32865K, capacity 33348K, committed 33584K, reserved 1079296K
  class space    used 3678K, capacity 3864K, committed 3968K, reserved 1048576K
}
Event: 13.048 GC heap before
{Heap before GC invocations=24 (full 0):
 garbage-first heap   total 95232K, used 69745K [0x00000000c1c00000, 0x0000000100000000)
  region size 1024K, 31 young (31744K), 2 survivors (2048K)
 Metaspace       used 34200K, capacity 34913K, committed 35120K, reserved 1081344K
  class space    used 3899K, capacity 4177K, committed 4224K, reserved 1048576K
}
Event: 13.054 GC heap after
{Heap after GC invocations=25 (full 0):
 garbage-first heap   total 95232K, used 41940K [0x00000000c1c00000, 0x0000000100000000)
  region size 1024K, 4 young (4096K), 4 survivors (4096K)
 Metaspace       used 34200K, capacity 34913K, committed 35120K, reserved 1081344K
  class space    used 3899K, capacity 4177K, committed 4224K, reserved 1048576K
}
Event: 13.331 GC heap before
{Heap before GC invocations=25 (full 0):
 garbage-first heap   total 95232K, used 71636K [0x00000000c1c00000, 0x0000000100000000)
  region size 1024K, 33 young (33792K), 4 survivors (4096K)
 Metaspace       used 35071K, capacity 35799K, committed 36016K, reserved 1081344K
  class space    used 4010K, capacity 4280K, committed 4352K, reserved 1048576K
}
Event: 13.335 GC heap after
{Heap after GC invocations=26 (full 0):
 garbage-first heap   total 95232K, used 43506K [0x00000000c1c00000, 0x0000000100000000)
  region size 1024K, 4 young (4096K), 4 survivors (4096K)
 Metaspace       used 35071K, capacity 35799K, committed 36016K, reserved 1081344K
  class space    used 4010K, capacity 4280K, committed 4352K, reserved 1048576K
}
Event: 72.581 GC heap before
{Heap before GC invocations=26 (full 0):
 garbage-first heap   total 95232K, used 73202K [0x00000000c1c00000, 0x0000000100000000)
  region size 1024K, 33 young (33792K), 4 survivors (4096K)
 Metaspace       used 36464K, capacity 37205K, committed 37424K, reserved 1083392K
  class space    used 4162K, capacity 4427K, committed 4480K, reserved 1048576K
}
Event: 72.591 GC heap after
{Heap after GC invocations=27 (full 0):
 garbage-first heap   total 95232K, used 44635K [0x00000000c1c00000, 0x0000000100000000)
  region size 1024K, 3 young (3072K), 3 survivors (3072K)
 Metaspace       used 36464K, capacity 37205K, committed 37424K, reserved 1083392K
  class space    used 4162K, capacity 4427K, committed 4480K, reserved 1048576K
}
Event: 217.731 GC heap before
{Heap before GC invocations=27 (full 0):
 garbage-first heap   total 95232K, used 74331K [0x00000000c1c00000, 0x0000000100000000)
  region size 1024K, 32 young (32768K), 3 survivors (3072K)
 Metaspace       used 37056K, capacity 37841K, committed 37936K, reserved 1083392K
  class space    used 4190K, capacity 4477K, committed 4480K, reserved 1048576K
}
Event: 217.738 GC heap after
{Heap after GC invocations=28 (full 0):
 garbage-first heap   total 95232K, used 45294K [0x00000000c1c00000, 0x0000000100000000)
  region size 1024K, 3 young (3072K), 3 survivors (3072K)
 Metaspace       used 37056K, capacity 37841K, committed 37936K, reserved 1083392K
  class space    used 4190K, capacity 4477K, committed 4480K, reserved 1048576K
}

Deoptimization events (10 events):
Event: 12.866 Thread 0x00000198b1017000 Uncommon trap: reason=class_check action=maybe_recompile pc=0x000001989e6b3c00 method=org.aspectj.weaver.ResolvedMemberImpl.resolve(Lorg/aspectj/weaver/World;)Lorg/aspectj/weaver/ResolvedMember; @ 152 c2
Event: 52.016 Thread 0x00000198b1017000 Uncommon trap: reason=speculate_class_check action=maybe_recompile pc=0x000001989e7db668 method=java.lang.ThreadLocal.setInitialValue()Ljava/lang/Object; @ 1 c2
Event: 52.030 Thread 0x00000198b1017000 Uncommon trap: reason=speculate_class_check action=maybe_recompile pc=0x000001989e7db668 method=java.lang.ThreadLocal.setInitialValue()Ljava/lang/Object; @ 1 c2
Event: 89.566 Thread 0x00000198b1017000 Uncommon trap: reason=speculate_class_check action=maybe_recompile pc=0x000001989e7db668 method=java.lang.ThreadLocal.setInitialValue()Ljava/lang/Object; @ 1 c2
Event: 107.943 Thread 0x00000198b1017000 Uncommon trap: reason=speculate_class_check action=maybe_recompile pc=0x000001989e7db668 method=java.lang.ThreadLocal.setInitialValue()Ljava/lang/Object; @ 1 c2
Event: 107.960 Thread 0x00000198b1017000 Uncommon trap: reason=bimorphic_or_optimized_type_check action=maybe_recompile pc=0x000001989e7a125c method=java.util.Collections$SynchronizedMap.get(Ljava/lang/Object;)Ljava/lang/Object; @ 12 c2
Event: 114.904 Thread 0x00000198b1017000 Uncommon trap: reason=unstable_if action=reinterpret pc=0x000001989e458b1c method=java.lang.PublicMethods$MethodList.filter([Ljava/lang/reflect/Method;Ljava/lang/String;[Ljava/lang/Class;Z)Ljava/lang/PublicMethods$MethodList; @ 53 c2
Event: 141.880 Thread 0x00000198b1017000 Uncommon trap: reason=bimorphic_or_optimized_type_check action=maybe_recompile pc=0x000001989e7a125c method=java.util.Collections$SynchronizedMap.get(Ljava/lang/Object;)Ljava/lang/Object; @ 12 c2
Event: 150.433 Thread 0x00000198b1017000 Uncommon trap: reason=bimorphic_or_optimized_type_check action=maybe_recompile pc=0x000001989e7a125c method=java.util.Collections$SynchronizedMap.get(Ljava/lang/Object;)Ljava/lang/Object; @ 12 c2
Event: 150.433 Thread 0x00000198b1017000 Uncommon trap: reason=bimorphic_or_optimized_type_check action=maybe_recompile pc=0x000001989e7a125c method=java.util.Collections$SynchronizedMap.get(Ljava/lang/Object;)Ljava/lang/Object; @ 12 c2

Classes redefined (1 events):
Event: 215.454 Thread 0x00000198aabbe000 redefined class name=com.cucumbercraft.pages.FivestarBookingPage, count=1

Internal exceptions (10 events):
Event: 238.387 Thread 0x00000198b1017000 Exception <a 'java/net/SocketTimeoutException'{0x00000000c72cc9c0}: Read timed out> (0x00000000c72cc9c0) thrown at [t:/workspace/open/src/hotspot/share/prims/jni.cpp, line 636]
Event: 239.037 Thread 0x00000198b1017000 Exception <a 'java/net/SocketTimeoutException'{0x00000000c7102f58}: Read timed out> (0x00000000c7102f58) thrown at [t:/workspace/open/src/hotspot/share/prims/jni.cpp, line 636]
Event: 239.699 Thread 0x00000198b1017000 Exception <a 'java/net/SocketTimeoutException'{0x00000000c7137620}: Read timed out> (0x00000000c7137620) thrown at [t:/workspace/open/src/hotspot/share/prims/jni.cpp, line 636]
Event: 240.318 Thread 0x00000198b1017000 Exception <a 'java/net/SocketTimeoutException'{0x00000000c716bce8}: Read timed out> (0x00000000c716bce8) thrown at [t:/workspace/open/src/hotspot/share/prims/jni.cpp, line 636]
Event: 240.967 Thread 0x00000198b1017000 Exception <a 'java/net/SocketTimeoutException'{0x00000000c71a0b00}: Read timed out> (0x00000000c71a0b00) thrown at [t:/workspace/open/src/hotspot/share/prims/jni.cpp, line 636]
Event: 241.577 Thread 0x00000198b1017000 Exception <a 'java/net/SocketTimeoutException'{0x00000000c71d51c8}: Read timed out> (0x00000000c71d51c8) thrown at [t:/workspace/open/src/hotspot/share/prims/jni.cpp, line 636]
Event: 242.189 Thread 0x00000198b1017000 Exception <a 'java/net/SocketTimeoutException'{0x00000000c7009df8}: Read timed out> (0x00000000c7009df8) thrown at [t:/workspace/open/src/hotspot/share/prims/jni.cpp, line 636]
Event: 242.831 Thread 0x00000198b1017000 Exception <a 'java/net/SocketTimeoutException'{0x00000000c703e4c0}: Read timed out> (0x00000000c703e4c0) thrown at [t:/workspace/open/src/hotspot/share/prims/jni.cpp, line 636]
Event: 243.509 Thread 0x00000198b1017000 Exception <a 'java/net/SocketTimeoutException'{0x00000000c7072b88}: Read timed out> (0x00000000c7072b88) thrown at [t:/workspace/open/src/hotspot/share/prims/jni.cpp, line 636]
Event: 244.133 Thread 0x00000198b1017000 Exception <a 'java/net/SocketTimeoutException'{0x00000000c70a74b8}: Read timed out> (0x00000000c70a74b8) thrown at [t:/workspace/open/src/hotspot/share/prims/jni.cpp, line 636]

Events (10 events):
Event: 215.464 Thread 0x00000198aac28000 flushing nmethod 0x00000198975fbc90
Event: 215.464 Thread 0x00000198aac28000 flushing nmethod 0x00000198975fc110
Event: 215.464 Thread 0x00000198aac28000 flushing nmethod 0x0000019897608610
Event: 215.464 Thread 0x00000198aac28000 flushing nmethod 0x0000019897624f10
Event: 215.543 Executing VM operation: ChangeBreakpoints
Event: 215.545 Executing VM operation: ChangeBreakpoints done
Event: 215.559 Executing VM operation: ChangeBreakpoints
Event: 215.561 Executing VM operation: ChangeBreakpoints done
Event: 217.731 Executing VM operation: G1CollectForAllocation
Event: 217.738 Executing VM operation: G1CollectForAllocation done


Dynamic libraries:
0x00007ff7e9b30000 - 0x00007ff7e9b77000 	C:\Program Files\Java\jdk-11.0.4\bin\javaw.exe
0x00007ff8e0280000 - 0x00007ff8e0470000 	C:\windows\SYSTEM32\ntdll.dll
0x00007ff8de7a0000 - 0x00007ff8de852000 	C:\windows\System32\KERNEL32.DLL
0x00007ff8de080000 - 0x00007ff8de323000 	C:\windows\System32\KERNELBASE.dll
0x00007ff8dff00000 - 0x00007ff8dffa3000 	C:\windows\System32\ADVAPI32.dll
0x00007ff8dfd60000 - 0x00007ff8dfdfe000 	C:\windows\System32\msvcrt.dll
0x00007ff8dfc80000 - 0x00007ff8dfd17000 	C:\windows\System32\sechost.dll
0x00007ff8de620000 - 0x00007ff8de740000 	C:\windows\System32\RPCRT4.dll
0x00007ff8df440000 - 0x00007ff8df5d4000 	C:\windows\System32\USER32.dll
0x00007ff8dd270000 - 0x00007ff8dd291000 	C:\windows\System32\win32u.dll
0x00007ff8dfd30000 - 0x00007ff8dfd56000 	C:\windows\System32\GDI32.dll
0x00007ff8ddd40000 - 0x00007ff8dded4000 	C:\windows\System32\gdi32full.dll
0x00007ff8ddee0000 - 0x00007ff8ddf7e000 	C:\windows\System32\msvcp_win.dll
0x00007ff8ddb70000 - 0x00007ff8ddc6a000 	C:\windows\System32\ucrtbase.dll
0x00007ff8c5d00000 - 0x00007ff8c5f85000 	C:\windows\WinSxS\amd64_microsoft.windows.common-controls_6595b64144ccf1df_6.0.18362.418_none_e6c6b287130d565d\COMCTL32.dll
0x00007ff8d5b70000 - 0x00007ff8d5b7a000 	C:\windows\SYSTEM32\VERSION.dll
0x00007ff8df100000 - 0x00007ff8df436000 	C:\windows\System32\combase.dll
0x00007ff8ddc70000 - 0x00007ff8ddcf0000 	C:\windows\System32\bcryptPrimitives.dll
0x00007ff8dfed0000 - 0x00007ff8dfefe000 	C:\windows\System32\IMM32.DLL
0x00007ff8d7470000 - 0x00007ff8d7486000 	C:\Program Files\Java\jdk-11.0.4\bin\vcruntime140.dll
0x00007ff8c73e0000 - 0x00007ff8c748a000 	C:\Program Files\Java\jdk-11.0.4\bin\msvcp140.dll
0x00007ff887fc0000 - 0x00007ff888ae7000 	C:\Program Files\Java\jdk-11.0.4\bin\server\jvm.dll
0x00007ff8dffb0000 - 0x00007ff8dffb8000 	C:\windows\System32\PSAPI.DLL
0x00007ff8d73b0000 - 0x00007ff8d73b9000 	C:\windows\SYSTEM32\WSOCK32.dll
0x00007ff8dad30000 - 0x00007ff8dad54000 	C:\windows\SYSTEM32\WINMM.dll
0x00007ff8dfa50000 - 0x00007ff8dfabf000 	C:\windows\System32\WS2_32.dll
0x00007ff8da8b0000 - 0x00007ff8da8dd000 	C:\windows\SYSTEM32\winmmbase.dll
0x00007ff8ddcf0000 - 0x00007ff8ddd3a000 	C:\windows\System32\cfgmgr32.dll
0x00007ff8dd160000 - 0x00007ff8dd171000 	C:\windows\System32\kernel.appcore.dll
0x00007ff8d5e70000 - 0x00007ff8d5e81000 	C:\Program Files\Java\jdk-11.0.4\bin\verify.dll
0x00007ff8dba80000 - 0x00007ff8dbc74000 	C:\windows\SYSTEM32\DBGHELP.DLL
0x00007ff8ce810000 - 0x00007ff8ce83a000 	C:\windows\SYSTEM32\dbgcore.DLL
0x00007ff8c37b0000 - 0x00007ff8c37d9000 	C:\Program Files\Java\jdk-11.0.4\bin\java.dll
0x00007ff8c8950000 - 0x00007ff8c8987000 	C:\Program Files\Java\jdk-11.0.4\bin\jdwp.dll
0x00007ff8cde10000 - 0x00007ff8cde3f000 	C:\Program Files\Java\jdk-11.0.4\bin\instrument.dll
0x00007ff8cd190000 - 0x00007ff8cd1a6000 	C:\Program Files\Java\jdk-11.0.4\bin\zip.dll
0x00007ff8d7030000 - 0x00007ff8d703a000 	C:\Program Files\Java\jdk-11.0.4\bin\jimage.dll
0x00007ff8dea10000 - 0x00007ff8df0f5000 	C:\windows\System32\SHELL32.dll
0x00007ff8de510000 - 0x00007ff8de5b9000 	C:\windows\System32\shcore.dll
0x00007ff8dd2a0000 - 0x00007ff8dda1f000 	C:\windows\System32\windows.storage.dll
0x00007ff8dd1f0000 - 0x00007ff8dd20f000 	C:\windows\System32\profapi.dll
0x00007ff8dd180000 - 0x00007ff8dd1ca000 	C:\windows\System32\powrprof.dll
0x00007ff8dd150000 - 0x00007ff8dd160000 	C:\windows\System32\UMPDC.dll
0x00007ff8de740000 - 0x00007ff8de792000 	C:\windows\System32\shlwapi.dll
0x00007ff8ddf80000 - 0x00007ff8ddf97000 	C:\windows\System32\cryptsp.dll
0x00007ff8d9100000 - 0x00007ff8d910a000 	C:\Program Files\Java\jdk-11.0.4\bin\dt_socket.dll
0x00007ff8dc960000 - 0x00007ff8dc9c7000 	C:\windows\System32\mswsock.dll
0x00007ff8dc6b0000 - 0x00007ff8dc77a000 	C:\windows\SYSTEM32\DNSAPI.dll
0x00007ff8dea00000 - 0x00007ff8dea08000 	C:\windows\System32\NSI.dll
0x00007ff8dc670000 - 0x00007ff8dc6aa000 	C:\windows\SYSTEM32\IPHLPAPI.DLL
0x00007ff8d1e10000 - 0x00007ff8d1e87000 	C:\windows\System32\fwpuclnt.dll
0x00007ff8de050000 - 0x00007ff8de076000 	C:\windows\System32\bcrypt.dll
0x00007ff8cd960000 - 0x00007ff8cd96a000 	C:\Windows\System32\rasadhlp.dll
0x00007ff8cc6e0000 - 0x00007ff8cc6f9000 	C:\Program Files\Java\jdk-11.0.4\bin\net.dll
0x00007ff8c8570000 - 0x00007ff8c8746000 	C:\windows\SYSTEM32\urlmon.dll
0x00007ff8ced50000 - 0x00007ff8cee40000 	C:\windows\SYSTEM32\WINHTTP.dll
0x00007ff8cb440000 - 0x00007ff8cb6e6000 	C:\windows\SYSTEM32\iertutil.dll
0x00007ff8dcb30000 - 0x00007ff8dcb3c000 	C:\windows\SYSTEM32\CRYPTBASE.DLL
0x00007ff8c8c80000 - 0x00007ff8c8c93000 	C:\Program Files\Java\jdk-11.0.4\bin\nio.dll
0x00007ff8dc4d0000 - 0x00007ff8dc503000 	C:\windows\system32\rsaenh.dll
0x00007ff8dd070000 - 0x00007ff8dd095000 	C:\windows\SYSTEM32\USERENV.dll
0x00007ff8d4c10000 - 0x00007ff8d4c26000 	C:\windows\SYSTEM32\dhcpcsvc6.DLL
0x00007ff8d5cf0000 - 0x00007ff8d5d0c000 	C:\windows\SYSTEM32\dhcpcsvc.DLL
0x00007ff8daed0000 - 0x00007ff8daee6000 	C:\windows\system32\napinsp.dll
0x00007ff8d5e50000 - 0x00007ff8d5e6a000 	C:\windows\system32\pnrpnsp.dll
0x00007ff8daec0000 - 0x00007ff8daece000 	C:\windows\System32\winrnr.dll
0x00007ff8d8270000 - 0x00007ff8d828c000 	C:\windows\system32\NLAapi.dll
0x00007ff8d8a10000 - 0x00007ff8d8a25000 	C:\windows\system32\wshbth.dll
0x00007ff8d7580000 - 0x00007ff8d7589000 	C:\Program Files\Java\jdk-11.0.4\bin\management.dll
0x00007ff8d7510000 - 0x00007ff8d751c000 	C:\Program Files\Java\jdk-11.0.4\bin\management_ext.dll
0x00007ff8bc0a0000 - 0x00007ff8bc0c7000 	C:\Program Files\Java\jdk-11.0.4\bin\sunec.dll

dbghelp: loaded successfully - version: 4.0.5 - missing functions: none
symbol engine: initialized successfully - sym options: 0x614 - pdb path: .;C:\Program Files\Java\jdk-11.0.4\bin;C:\windows\SYSTEM32;C:\windows\WinSxS\amd64_microsoft.windows.common-controls_6595b64144ccf1df_6.0.18362.418_none_e6c6b287130d565d;C:\Program Files\Java\jdk-11.0.4\bin\server

VM Arguments:
jvm_args: -agentlib:jdwp=transport=dt_socket,suspend=y,address=localhost:13592 -ea -javaagent:C:\Users\Arghya\.m2\repository/org/aspectj/aspectjweaver/1.9.1/aspectjweaver-1.9.1.jar -Dfile.encoding=Cp1252 
java_command: org.testng.remote.RemoteTestNG -serport 13591 -protocol json -d C:\Users\Arghya\eclipse-workspace\Fivestar_Regression\test-output C:\Users\Arghya\eclipse-workspace\Fivestar_Regression\src\test\resources\TestNGRunRegressionTests.xml
java_class_path (initial): C:\Users\Arghya\eclipse\jee-2019-09\eclipse\configuration\org.eclipse.osgi\967\0\.cp\lib\testng-remote.jar;C:\Users\Arghya\eclipse-workspace\Fivestar_Regression\target\test-classes;C:\Users\Arghya\eclipse-workspace\Fivestar_Regression\target\classes;C:\Users\Arghya\.m2\repository\info\cukes\cucumber-jvm-deps\1.0.5\cucumber-jvm-deps-1.0.5.jar;C:\Users\Arghya\.m2\repository\info\cukes\cucumber-java\1.2.5\cucumber-java-1.2.5.jar;C:\Users\Arghya\.m2\repository\info\cukes\cucumber-core\1.2.5\cucumber-core-1.2.5.jar;C:\Users\Arghya\.m2\repository\info\cukes\cucumber-html\0.2.3\cucumber-html-0.2.3.jar;C:\Users\Arghya\.m2\repository\org\testng\testng\6.11\testng-6.11.jar;C:\Users\Arghya\.m2\repository\com\beust\jcommander\1.64\jcommander-1.64.jar;C:\Users\Arghya\.m2\repository\org\yaml\snakeyaml\1.17\snakeyaml-1.17.jar;C:\Users\Arghya\.m2\repository\info\cukes\cucumber-testng\1.2.5\cucumber-testng-1.2.5.jar;C:\Users\Arghya\.m2\repository\org\seleniumhq\selenium\selenium-java\3.12.0\selenium-java-3.12.0.jar;C:\Users\Arghya\.m2\repository\org\seleniumhq\selenium\selenium-api\3.12.0\selenium-api-3.12.0.jar;C:\Users\Arghya\.m2\repository\org\seleniumhq\selenium\selenium-chrome-driver\3.12.0\selenium-chrome-driver-3.12.0.jar;C:\Users\Arghya\.m2\repository\org\seleniumhq\selenium\selenium-edge-driver\3.12.0\selenium-edge-driver-3.12.0.jar;C:\Users\Arghya\.m2\repository\org\seleniumhq\selenium\selenium-firefox-driver\3.12.0\selenium-firefox-driver-3.12.0.jar;C:\Users\Arghya\.m2\repository\org\seleniumhq\selenium\selenium-ie-driver\3.12.0\selenium-ie-driver-3.12.0.jar;C:\Users\Arghya\.m2\repository\org\seleniumhq\selenium\selenium-opera-driver\3.12.0\selenium-opera-driver-3.12.0.jar;C:\Users\Arghya\.m2\repository\org\seleniumhq\selenium\selenium-remote-driver\3.12.0\selenium-remote-driver-3.12.0.jar;C:\Users\Arghya\.m2\repository\org\seleniumhq\selenium\selenium-safari-driver\3.12.0\selenium-safari-driver-3.12.0.jar;C:\Users\Arghya\.m2\repository\org\se
Launcher Type: SUN_STANDARD

[Global flags]
     intx CICompilerCount                          = 4                                         {product} {ergonomic}
     uint ConcGCThreads                            = 2                                         {product} {ergonomic}
     uint G1ConcRefinementThreads                  = 8                                         {product} {ergonomic}
   size_t G1HeapRegionSize                         = 1048576                                   {product} {ergonomic}
    uintx GCDrainStackTargetSize                   = 64                                        {product} {ergonomic}
   size_t InitialHeapSize                          = 67108864                                  {product} {ergonomic}
   size_t MarkStackSize                            = 4194304                                   {product} {ergonomic}
   size_t MaxHeapSize                              = 1044381696                                {product} {ergonomic}
   size_t MaxNewSize                               = 625999872                                 {product} {ergonomic}
   size_t MinHeapDeltaBytes                        = 1048576                                   {product} {ergonomic}
    uintx NonNMethodCodeHeapSize                   = 5835340                                {pd product} {ergonomic}
    uintx NonProfiledCodeHeapSize                  = 122911450                              {pd product} {ergonomic}
    uintx ProfiledCodeHeapSize                     = 122911450                              {pd product} {ergonomic}
    uintx ReservedCodeCacheSize                    = 251658240                              {pd product} {ergonomic}
     bool SegmentedCodeCache                       = true                                      {product} {ergonomic}
     bool UseCompressedClassPointers               = true                                 {lp64_product} {ergonomic}
     bool UseCompressedOops                        = true                                 {lp64_product} {ergonomic}
     bool UseG1GC                                  = true                                      {product} {ergonomic}
     bool UseLargePagesIndividualAllocation        = false                                  {pd product} {ergonomic}

Logging:
Log output configuration:
 #0: stdout all=warning uptime,level,tags
 #1: stderr all=off uptime,level,tags

Environment Variables:
PATH=C:/Program Files/Java/jdk-11.0.4/bin/server;C:/Program Files/Java/jdk-11.0.4/bin;C:\windows\system32;C:\windows;C:\windows\System32\Wbem;C:\windows\System32\WindowsPowerShell\v1.0\;C:\windows\System32\OpenSSH\;C:\Program Files\Java\jdk-11.0.4\bin;C:\Program Files (x86)\Java\jdk1.8.0_11\bin;C:\Program Files (x86)\Java\jre8\bin;C:\Program Files (x86)\Windows Kits\8.1\Windows Performance Toolkit\;C:\Program Files\Microsoft SQL Server\110\Tools\Binn\;C:\Program Files\Microsoft\Web Platform Installer\;C:\Program Files (x86)\Microsoft SDKs\TypeScript\1.0\;C:\Program Files\Microsoft SQL Server\120\Tools\Binn\;C:\Program Files (x86)\Sennheiser\SoftphoneSDK\;C:\Users\Arghya\AppData\Local\Microsoft\WindowsApps;C:\Program Files\Java\jdk-11.0.4\bin;C:\Program Files (x86)\Java\jre8\bin;C:\Program Files (x86)\Java\jdk1.8.0_11\bin;;C:\Users\Arghya\Desktop;
USERNAME=Arghya
OS=Windows_NT
PROCESSOR_IDENTIFIER=Intel64 Family 6 Model 142 Stepping 12, GenuineIntel



---------------  S Y S T E M  ---------------

OS: Windows 10 , 64 bit Build 18362 (10.0.18362.329)

CPU:total 8 (initial active 8) (4 cores per cpu, 2 threads per core) family 6 model 142 stepping 12, cmov, cx8, fxsr, mmx, sse, sse2, sse3, ssse3, sse4.1, sse4.2, popcnt, avx, avx2, aes, clmul, erms, 3dnowpref, lzcnt, ht, tsc, tscinvbit, bmi1, bmi2, adx, fma

Memory: 4k page, system-wide physical 3982M (707M free)
TotalPageFile size 7440M (AvailPageFile size 1482M)
current process WorkingSet (physical memory assigned to process): 152M, peak: 343M
current process commit charge ("private bytes"): 236M, peak: 382M

vm_info: Java HotSpot(TM) 64-Bit Server VM (11.0.4+10-LTS) for windows-amd64 JRE (11.0.4+10-LTS), built on Jul  4 2019 16:28:13 by "mach5one" with MS VC++ 15.5 (VS2017)

END.
