#
# A fatal error has been detected by the Java Runtime Environment:
#
#  EXCEPTION_ACCESS_VIOLATION (0xc0000005) at pc=0x00007ff8c2c03c5b, pid=4196, tid=23272
#
# JRE version: Java(TM) SE Runtime Environment (11.0.4+10) (build 11.0.4+10-LTS)
# Java VM: Java HotSpot(TM) 64-Bit Server VM (11.0.4+10-LTS, mixed mode, tiered, compressed oops, g1 gc, windows-amd64)
# Problematic frame:
# V  [jvm.dll+0x693c5b]
#
# No core dump will be written. Minidumps are not enabled by default on client versions of Windows
#
# If you would like to submit a bug report, please visit:
#   http://bugreport.java.com/bugreport/crash.jsp
#

---------------  S U M M A R Y ------------

Command Line: -agentlib:jdwp=transport=dt_socket,suspend=y,address=localhost:2485 -ea -javaagent:C:\Users\Arghya\.m2\repository/org/aspectj/aspectjweaver/1.9.1/aspectjweaver-1.9.1.jar -Dfile.encoding=Cp1252 org.testng.remote.RemoteTestNG -serport 2484 -protocol json -d C:\Users\Arghya\eclipse-workspace\Fivestar_Regression\test-output C:\Users\Arghya\eclipse-workspace\Fivestar_Regression\src\test\resources\TestNGRunRegressionTests.xml

Host: Intel(R) Core(TM) i5-8265U CPU @ 1.60GHz, 8 cores, 3G,  Windows 10 , 64 bit Build 18362 (10.0.18362.329)
Time: Sun Dec 15 08:33:46 2019 India Standard Time elapsed time: 632 seconds (0d 0h 10m 32s)

---------------  T H R E A D  ---------------

Current thread (0x000001229bb09800):  JavaThread "TestNG-tests-1" [_thread_in_vm, id=23272, stack(0x00000004e8600000,0x00000004e8700000)]

Stack: [0x00000004e8600000,0x00000004e8700000],  sp=0x00000004e86f9310,  free space=996k
Native frames: (J=compiled Java code, j=interpreted, Vv=VM code, C=native code)
V  [jvm.dll+0x693c5b]
V  [jvm.dll+0x396013]
V  [jvm.dll+0x531cd9]
V  [jvm.dll+0x3999b6]
V  [jvm.dll+0x6c6a05]
V  [jvm.dll+0x6c6342]
V  [jvm.dll+0x427c40]
C  0x0000012280015c56

Java frames: (J=compiled Java code, j=interpreted, Vv=VM code)
j  java.lang.StackStreamFactory$AbstractStackWalker.fetchStackFrames(JJII[Ljava/lang/Object;)I+0 java.base@11.0.4
j  java.lang.StackStreamFactory$AbstractStackWalker.fetchStackFrames(I)I+35 java.base@11.0.4
j  java.lang.StackStreamFactory$AbstractStackWalker.getNextBatch()I+61 java.base@11.0.4
J 5815 c1 java.lang.StackStreamFactory$AbstractStackWalker.peekFrame()Ljava/lang/Class; java.base@11.0.4 (132 bytes) @ 0x000001228091421c [0x0000012280913b80+0x000000000000069c]
J 5490 c1 java.lang.StackStreamFactory$AbstractStackWalker.hasNext()Z java.base@11.0.4 (13 bytes) @ 0x000001228060105c [0x0000012280600fe0+0x000000000000007c]
j  java.lang.StackStreamFactory$StackFrameTraverser.tryAdvance(Ljava/util/function/Consumer;)Z+16 java.base@11.0.4
J 5656 c2 java.util.stream.ReferencePipeline.findFirst()Ljava/util/Optional; java.base@11.0.4 (12 bytes) @ 0x0000012287bd3d84 [0x0000012287bd3980+0x0000000000000404]
j  java.util.logging.LogRecord$CallerFinder.lambda$get$1(Ljava/util/stream/Stream;)Ljava/util/Optional;+7 java.logging@11.0.4
j  java.util.logging.LogRecord$CallerFinder$$Lambda$335.apply(Ljava/lang/Object;)Ljava/lang/Object;+8 java.logging@11.0.4
j  java.lang.StackStreamFactory$StackFrameTraverser.consumeFrames()Ljava/lang/Object;+25 java.base@11.0.4
j  java.lang.StackStreamFactory$AbstractStackWalker.doStackWalk(JIIII)Ljava/lang/Object;+78 java.base@11.0.4
v  ~StubRoutines::call_stub
j  java.lang.StackStreamFactory$AbstractStackWalker.callStackWalk(JIII[Ljava/lang/Object;)Ljava/lang/Object;+0 java.base@11.0.4
j  java.lang.StackStreamFactory$AbstractStackWalker.beginStackWalk()Ljava/lang/Object;+31 java.base@11.0.4
j  java.lang.StackStreamFactory$AbstractStackWalker.walk()Ljava/lang/Object;+8 java.base@11.0.4
j  java.lang.StackWalker.walk(Ljava/util/function/Function;)Ljava/lang/Object;+10 java.base@11.0.4
j  java.util.logging.LogRecord$CallerFinder.get()Ljava/util/Optional;+9 java.logging@11.0.4
j  java.util.logging.LogRecord.inferCaller()V+12 java.logging@11.0.4
j  java.util.logging.LogRecord.getSourceClassName()Ljava/lang/String;+8 java.logging@11.0.4
j  java.util.logging.SimpleFormatter.format(Ljava/util/logging/LogRecord;)Ljava/lang/String;+12 java.logging@11.0.4
j  java.util.logging.StreamHandler.publish(Ljava/util/logging/LogRecord;)V+14 java.logging@11.0.4
j  java.util.logging.ConsoleHandler.publish(Ljava/util/logging/LogRecord;)V+2 java.logging@11.0.4
j  java.util.logging.Logger.log(Ljava/util/logging/LogRecord;)V+90 java.logging@11.0.4
j  java.util.logging.Logger.doLog(Ljava/util/logging/LogRecord;)V+46 java.logging@11.0.4
j  java.util.logging.Logger.log(Ljava/util/logging/Level;Ljava/lang/String;)V+21 java.logging@11.0.4
j  java.util.logging.Logger.warning(Ljava/lang/String;)V+5 java.logging@11.0.4
j  org.openqa.selenium.remote.Augmenter.extractRemoteWebDriver(Lorg/openqa/selenium/WebDriver;)Lorg/openqa/selenium/remote/RemoteWebDriver;+47
j  org.openqa.selenium.remote.BaseAugmenter.augment(Lorg/openqa/selenium/WebDriver;)Lorg/openqa/selenium/WebDriver;+2
j  com.cucumbercraft.framework.Util.takeScreenshotFile(Lorg/openqa/selenium/WebDriver;)Ljava/lang/String;+24
j  com.cucumbercraft.stepdefinitions.BookingMethods.CheckForPopUp(Z)Z+3
j  com.cucumbercraft.stepdefinitions.FivestarBookingStepDefination.user_is_clicking_on_something_button(Ljava/lang/String;)V+7
v  ~StubRoutines::call_stub
j  jdk.internal.reflect.NativeMethodAccessorImpl.invoke0(Ljava/lang/reflect/Method;Ljava/lang/Object;[Ljava/lang/Object;)Ljava/lang/Object;+0 java.base@11.0.4
j  jdk.internal.reflect.NativeMethodAccessorImpl.invoke(Ljava/lang/Object;[Ljava/lang/Object;)Ljava/lang/Object;+100 java.base@11.0.4
J 5449 c1 jdk.internal.reflect.DelegatingMethodAccessorImpl.invoke(Ljava/lang/Object;[Ljava/lang/Object;)Ljava/lang/Object; java.base@11.0.4 (10 bytes) @ 0x0000012287aebc1c [0x0000012287aebbc0+0x000000000000005c]
J 5524 c1 cucumber.runtime.Utils$1.call()Ljava/lang/Object; (135 bytes) @ 0x000001228077ac54 [0x000001228077a440+0x0000000000000814]
J 5519 c1 cucumber.runtime.Timeout.timeout(Lcucumber/runtime/Timeout$Callback;J)Ljava/lang/Object; (150 bytes) @ 0x000001228069861c [0x0000012280697c80+0x000000000000099c]
J 5523 c1 cucumber.runtime.Utils.invoke(Ljava/lang/Object;Ljava/lang/reflect/Method;J[Ljava/lang/Object;)Ljava/lang/Object; (24 bytes) @ 0x0000012280686e6c [0x0000012280686c80+0x00000000000001ec]
j  cucumber.runtime.java.JavaStepDefinition.execute(Lgherkin/I18n;[Ljava/lang/Object;)V+25
j  cucumber.runtime.StepDefinitionMatch.runStep(Lgherkin/I18n;)V+24
j  cucumber.runtime.Runtime.runStep(Ljava/lang/String;Lgherkin/formatter/model/Step;Lgherkin/formatter/Reporter;Lgherkin/I18n;)V+194
j  cucumber.runtime.model.StepContainer.runStep(Lgherkin/formatter/model/Step;Lgherkin/formatter/Reporter;Lcucumber/runtime/Runtime;)V+17
j  cucumber.runtime.model.StepContainer.runSteps(Lgherkin/formatter/Reporter;Lcucumber/runtime/Runtime;)V+35
j  cucumber.runtime.model.CucumberScenario.run(Lgherkin/formatter/Formatter;Lgherkin/formatter/Reporter;Lcucumber/runtime/Runtime;)V+52
j  cucumber.runtime.model.CucumberScenarioOutline.run(Lgherkin/formatter/Formatter;Lgherkin/formatter/Reporter;Lcucumber/runtime/Runtime;)V+87
j  cucumber.runtime.model.CucumberFeature.run(Lgherkin/formatter/Formatter;Lgherkin/formatter/Reporter;Lcucumber/runtime/Runtime;)V+58
j  cucumber.api.testng.TestNGCucumberRunner.runCucumber(Lcucumber/runtime/model/CucumberFeature;)V+27
j  cucumber.api.testng.AbstractTestNGCucumberTests.feature(Lcucumber/api/testng/CucumberFeatureWrapper;)V+10
v  ~StubRoutines::call_stub
j  jdk.internal.reflect.NativeMethodAccessorImpl.invoke0(Ljava/lang/reflect/Method;Ljava/lang/Object;[Ljava/lang/Object;)Ljava/lang/Object;+0 java.base@11.0.4
j  jdk.internal.reflect.NativeMethodAccessorImpl.invoke(Ljava/lang/Object;[Ljava/lang/Object;)Ljava/lang/Object;+100 java.base@11.0.4
j  jdk.internal.reflect.DelegatingMethodAccessorImpl.invoke(Ljava/lang/Object;[Ljava/lang/Object;)Ljava/lang/Object;+6 java.base@11.0.4
j  java.lang.reflect.Method.invoke(Ljava/lang/Object;[Ljava/lang/Object;)Ljava/lang/Object;+59 java.base@11.0.4
j  org.testng.internal.MethodInvocationHelper.invokeMethod(Ljava/lang/reflect/Method;Ljava/lang/Object;[Ljava/lang/Object;)Ljava/lang/Object;+279
j  org.testng.internal.Invoker.invokeMethod(Ljava/lang/Object;Lorg/testng/ITestNGMethod;[Ljava/lang/Object;ILorg/testng/xml/XmlSuite;Ljava/util/Map;Lorg/testng/ITestClass;[Lorg/testng/ITestNGMethod;[Lorg/testng/ITestNGMethod;Lorg/testng/internal/ConfigurationGroupMethods;Lorg/testng/internal/Invoker$FailureContext;)Lorg/testng/ITestResult;+306
j  org.testng.internal.Invoker.invokeTestMethod(Ljava/lang/Object;Lorg/testng/ITestNGMethod;[Ljava/lang/Object;ILorg/testng/xml/XmlSuite;Ljava/util/Map;Lorg/testng/ITestClass;[Lorg/testng/ITestNGMethod;[Lorg/testng/ITestNGMethod;Lorg/testng/internal/ConfigurationGroupMethods;Lorg/testng/internal/Invoker$FailureContext;)Lorg/testng/ITestResult;+29
j  org.testng.internal.Invoker.invokeTestMethods(Lorg/testng/ITestNGMethod;Lorg/testng/xml/XmlSuite;Ljava/util/Map;Lorg/testng/internal/ConfigurationGroupMethods;Ljava/lang/Object;Lorg/testng/ITestContext;)Ljava/util/List;+757
j  org.testng.internal.TestMethodWorker.invokeTestMethods(Lorg/testng/ITestNGMethod;Ljava/lang/Object;Lorg/testng/ITestContext;)V+19
j  org.testng.internal.TestMethodWorker.run()V+60
j  org.testng.TestRunner.privateRun(Lorg/testng/xml/XmlTest;)V+298
j  org.testng.TestRunner.run()V+25
j  org.testng.SuiteRunner.runTest(Lorg/testng/TestRunner;)V+1
j  org.testng.SuiteRunner.access$000(Lorg/testng/SuiteRunner;Lorg/testng/TestRunner;)V+2
j  org.testng.SuiteRunner$SuiteWorker.run()V+47
j  org.testng.internal.thread.ThreadUtil$1.call()Ljava/lang/Object;+4
j  java.util.concurrent.FutureTask.run()V+39 java.base@11.0.4
j  java.util.concurrent.ThreadPoolExecutor.runWorker(Ljava/util/concurrent/ThreadPoolExecutor$Worker;)V+92 java.base@11.0.4
j  java.util.concurrent.ThreadPoolExecutor$Worker.run()V+5 java.base@11.0.4
j  java.lang.Thread.run()V+11 java.base@11.0.4
v  ~StubRoutines::call_stub

siginfo: EXCEPTION_ACCESS_VIOLATION (0xc0000005), reading address 0x0000000000000008


Register to memory mapping:

RIP=0x00007ff8c2c03c5b jvm.dll
RAX=0x0000000000000010 is an unknown value
RBX=0x00000122a00b4138 points into unknown readable memory: e8 22 5b c7 00 00 00 00
RCX=0x00000000c75b22e8 is an oop: java.lang.invoke.ResolvedMethodName 
{0x00000000c75b22e8} - klass: 'java/lang/invoke/ResolvedMethodName'
RDX=0x0000000000000010 is an unknown value
RSP=0x00000004e86f9310 is pointing into the stack for thread: 0x000001229bb09800
RBP=0x00000000c75b22e8 is an oop: java.lang.invoke.ResolvedMethodName 
{0x00000000c75b22e8} - klass: 'java/lang/invoke/ResolvedMethodName'
RSI=0x0 is NULL
RDI=0x00000122f5d5a330 points into unknown readable memory: 01 00 00 00 00 00 00 00
R8 =0x0 is NULL
R9 ={method} {0x000001229843d9d0} 'validate_net_priceadult_price_and_promo_amount_in_payment_breakdown_page_and_proceed_to_pay_for' '(Ljava/lang/String;)V' in 'com/cucumbercraft/stepdefinitions/FivestarBookingStepDefination'
R10=0x0000000000000024 is an unknown value
R11=0x0000000000000024 is an unknown value
R12=0x0000000000000007 is an unknown value
R13=0x00000001002890f8 is a pointer to class: 
com.cucumbercraft.stepdefinitions.FivestarBookingStepDefination {0x0000000100289100}
R14=0x00000001002890f8 is a pointer to class: 
com.cucumbercraft.stepdefinitions.FivestarBookingStepDefination {0x0000000100289100}
R15=0x000001229bb09800 is a thread


Registers:
RAX=0x0000000000000010, RBX=0x00000122a00b4138, RCX=0x00000000c75b22e8, RDX=0x0000000000000010
RSP=0x00000004e86f9310, RBP=0x00000000c75b22e8, RSI=0x0000000000000000, RDI=0x00000122f5d5a330
R8 =0x0000000000000000, R9 =0x000001229843d9c8, R10=0x0000000000000024, R11=0x0000000000000024
R12=0x0000000000000007, R13=0x00000001002890f8, R14=0x00000001002890f8, R15=0x000001229bb09800
RIP=0x00007ff8c2c03c5b, EFLAGS=0x0000000000010202

Top of Stack: (sp=0x00000004e86f9310)
0x00000004e86f9310:   000018fd45b44b55 00000001002890f8
0x00000004e86f9320:   000001229bb09800 0000012299a78a10
0x00000004e86f9330:   000001229bb09800 00007ff8c2906013
0x00000004e86f9340:   00000000c75b22e8 0000012299a78a10
0x00000004e86f9350:   00000004e86f9390 00000000ffffffff
0x00000004e86f9360:   0000000000000018 00007ff8c2aa1cd9
0x00000004e86f9370:   00000122a00b4138 0000000000000000
0x00000004e86f9380:   00000004e86f93f0 0000012299a78a10
0x00000004e86f9390:   0000012299a78a10 000001229bb09800
0x00000004e86f93a0:   00000004e86f94c8 000001229bb09800
0x00000004e86f93b0:   00000004e86fa3d0 0000000000000007
0x00000004e86f93c0:   00000122a00b4128 00007ff8c29099b6
0x00000004e86f93d0:   00000122a00b4130 00000000c75b21b0
0x00000004e86f93e0:   000001229bb09800 000001229bb09800
0x00000004e86f93f0:   00000001002890f8 00000001002890f8
0x00000004e86f9400:   0000012299a78a10 000001229bb09800 

Instructions: (pc=0x00007ff8c2c03c5b)
0x00007ff8c2c03c3b:   2e 48 8b 48 18 e8 9b 6f ce ff 48 8b f0 48 85 db
0x00007ff8c2c03c4b:   74 03 48 8b 2b 48 8b d0 48 8b cd e8 f5 63 d0 ff
0x00007ff8c2c03c5b:   48 8b 46 08 4c 8b c3 48 8b d6 48 8b 48 08 48 8b
0x00007ff8c2c03c6b:   41 18 b9 00 80 00 00 66 09 88 3a 01 00 00 48 8b 


Stack slot to memory mapping:
stack at sp + 0 slots: 0x000018fd45b44b55 is an unknown value
stack at sp + 1 slots: 0x00000001002890f8 is a pointer to class: 
com.cucumbercraft.stepdefinitions.FivestarBookingStepDefination {0x0000000100289100}
stack at sp + 2 slots: 0x000001229bb09800 is a thread
stack at sp + 3 slots: {method} {0x0000012299a78a18} 'user_is_clicking_on_something_button' '(Ljava/lang/String;)V' in 'com/cucumbercraft/stepdefinitions/FivestarBookingStepDefination'
stack at sp + 4 slots: 0x000001229bb09800 is a thread
stack at sp + 5 slots: 0x00007ff8c2906013 jvm.dll
stack at sp + 6 slots: 0x00000000c75b22e8 is an oop: java.lang.invoke.ResolvedMethodName 
{0x00000000c75b22e8} - klass: 'java/lang/invoke/ResolvedMethodName'
stack at sp + 7 slots: {method} {0x0000012299a78a18} 'user_is_clicking_on_something_button' '(Ljava/lang/String;)V' in 'com/cucumbercraft/stepdefinitions/FivestarBookingStepDefination'


---------------  P R O C E S S  ---------------

Threads class SMR info:
_java_thread_list=0x000001229d327820, length=20, elements={
0x00000122f5d5c000, 0x0000012294261800, 0x000001229428f800, 0x00000122942a2000,
0x00000122942a3000, 0x00000122942ae000, 0x00000122942bc800, 0x00000122942bf000,
0x00000122f5e04000, 0x0000012295163000, 0x0000012294ff9800, 0x0000012294ffe800,
0x0000012295162000, 0x00000122969ba000, 0x000001229bb09800, 0x000001229c635000,
0x00000122a1894800, 0x00000122a11d4800, 0x000001229e036800, 0x000001229e2cc800
}

Java Threads: ( => current thread )
  0x00000122f5d5c000 JavaThread "main" [_thread_blocked, id=4320, stack(0x00000004e6a00000,0x00000004e6b00000)]
  0x0000012294261800 JavaThread "Reference Handler" daemon [_thread_blocked, id=16036, stack(0x00000004e7100000,0x00000004e7200000)]
  0x000001229428f800 JavaThread "Finalizer" daemon [_thread_blocked, id=10900, stack(0x00000004e7200000,0x00000004e7300000)]
  0x00000122942a2000 JavaThread "Signal Dispatcher" daemon [_thread_blocked, id=14368, stack(0x00000004e7300000,0x00000004e7400000)]
  0x00000122942a3000 JavaThread "Attach Listener" daemon [_thread_blocked, id=18296, stack(0x00000004e7400000,0x00000004e7500000)]
  0x00000122942ae000 JavaThread "C2 CompilerThread0" daemon [_thread_blocked, id=19416, stack(0x00000004e7500000,0x00000004e7600000)]
  0x00000122942bc800 JavaThread "C1 CompilerThread0" daemon [_thread_blocked, id=20932, stack(0x00000004e7600000,0x00000004e7700000)]
  0x00000122942bf000 JavaThread "Sweeper thread" daemon [_thread_blocked, id=15352, stack(0x00000004e7700000,0x00000004e7800000)]
  0x00000122f5e04000 JavaThread "Common-Cleaner" daemon [_thread_blocked, id=19660, stack(0x00000004e7800000,0x00000004e7900000)]
  0x0000012295163000 JavaThread "JDWP Transport Listener: dt_socket" daemon [_thread_blocked, id=20712, stack(0x00000004e7900000,0x00000004e7a00000)]
  0x0000012294ff9800 JavaThread "JDWP Event Helper Thread" daemon [_thread_blocked, id=9340, stack(0x00000004e7a00000,0x00000004e7b00000)]
  0x0000012294ffe800 JavaThread "JDWP Command Reader" daemon [_thread_in_native, id=23072, stack(0x00000004e7b00000,0x00000004e7c00000)]
  0x0000012295162000 JavaThread "Service Thread" daemon [_thread_blocked, id=22156, stack(0x00000004e6700000,0x00000004e6800000)]
  0x00000122969ba000 JavaThread "ReaderThread" [_thread_in_native, id=9136, stack(0x00000004e8100000,0x00000004e8200000)]
=>0x000001229bb09800 JavaThread "TestNG-tests-1" [_thread_in_vm, id=23272, stack(0x00000004e8600000,0x00000004e8700000)]
  0x000001229c635000 JavaThread "Exec Default Executor" daemon [_thread_in_native, id=8308, stack(0x00000004e8900000,0x00000004e8a00000)]
  0x00000122a1894800 JavaThread "Exec Stream Pumper" daemon [_thread_in_native, id=18020, stack(0x00000004e8b00000,0x00000004e8c00000)]
  0x00000122a11d4800 JavaThread "Exec Stream Pumper" daemon [_thread_in_native, id=21016, stack(0x00000004e8c00000,0x00000004e8d00000)]
  0x000001229e036800 JavaThread "OkHttp ConnectionPool" daemon [_thread_blocked, id=17380, stack(0x00000004e8e00000,0x00000004e8f00000)]
  0x000001229e2cc800 JavaThread "Okio Watchdog" daemon [_thread_blocked, id=23640, stack(0x00000004e8f00000,0x00000004e9000000)]

Other Threads:
  0x000001229425f800 VMThread "VM Thread" [stack: 0x00000004e7000000,0x00000004e7100000] [id=100]
  0x00000122955a7800 WatcherThread [stack: 0x00000004e6800000,0x00000004e6900000] [id=21844]
  0x00000122f5d73000 GCTaskThread "GC Thread#0" [stack: 0x00000004e6b00000,0x00000004e6c00000] [id=14836]
  0x0000012295cd1800 GCTaskThread "GC Thread#1" [stack: 0x00000004e7e00000,0x00000004e7f00000] [id=10416]
  0x0000012299528000 GCTaskThread "GC Thread#2" [stack: 0x00000004e8300000,0x00000004e8400000] [id=20376]
  0x0000012298cc5000 GCTaskThread "GC Thread#3" [stack: 0x00000004e8400000,0x00000004e8500000] [id=9064]
  0x0000012298183800 GCTaskThread "GC Thread#4" [stack: 0x00000004e8700000,0x00000004e8800000] [id=5372]
  0x0000012298189800 GCTaskThread "GC Thread#5" [stack: 0x00000004e8800000,0x00000004e8900000] [id=24168]
  0x00000122f5d90800 ConcurrentGCThread "G1 Main Marker" [stack: 0x00000004e6c00000,0x00000004e6d00000] [id=17092]
  0x00000122f5d92000 ConcurrentGCThread "G1 Conc#0" [stack: 0x00000004e6d00000,0x00000004e6e00000] [id=25260]
  0x0000012298184800 ConcurrentGCThread "G1 Conc#1" [stack: 0x00000004e8500000,0x00000004e8600000] [id=19380]
  0x00000122f5dfa800 ConcurrentGCThread "G1 Refine#0" [stack: 0x00000004e6e00000,0x00000004e6f00000] [id=2228]
  0x00000122f5dfb800 ConcurrentGCThread "G1 Young RemSet Sampling" [stack: 0x00000004e6f00000,0x00000004e7000000] [id=24044]

Threads with active compile tasks:

VM state:not at safepoint (normal execution)

VM Mutex/Monitor currently owned by a thread:  ([mutex/lock_event])
[0x00000122f5d5a330] ResolvedMethodTable_lock - owner thread: 0x000001229bb09800

Heap address: 0x00000000c1c00000, size: 996 MB, Compressed Oops mode: 32-bit
Narrow klass base: 0x0000000000000000, Narrow klass shift: 3
Compressed class space size: 1073741824 Address: 0x0000000100000000

Heap:
 garbage-first heap   total 95232K, used 52128K [0x00000000c1c00000, 0x0000000100000000)
  region size 1024K, 7 young (7168K), 2 survivors (2048K)
 Metaspace       used 38272K, capacity 39145K, committed 39344K, reserved 1083392K
  class space    used 4269K, capacity 4589K, committed 4608K, reserved 1048576K
Heap Regions: E=young(eden), S=young(survivor), O=old, HS=humongous(starts), HC=humongous(continues), CS=collection set, F=free, A=archive, TAMS=top-at-mark-start (previous, next)
|   0|0x00000000c1c00000, 0x00000000c1d00000, 0x00000000c1d00000|100%|HS|  |TAMS 0x00000000c1d00000, 0x00000000c1c00000| Complete 
|   1|0x00000000c1d00000, 0x00000000c1e00000, 0x00000000c1e00000|100%| O|  |TAMS 0x00000000c1e00000, 0x00000000c1d00000| Untracked 
|   2|0x00000000c1e00000, 0x00000000c1f00000, 0x00000000c1f00000|100%| O|  |TAMS 0x00000000c1f00000, 0x00000000c1e00000| Untracked 
|   3|0x00000000c1f00000, 0x00000000c2000000, 0x00000000c2000000|100%| O|  |TAMS 0x00000000c2000000, 0x00000000c1f00000| Untracked 
|   4|0x00000000c2000000, 0x00000000c2100000, 0x00000000c2100000|100%| O|  |TAMS 0x00000000c2100000, 0x00000000c2000000| Untracked 
|   5|0x00000000c2100000, 0x00000000c2200000, 0x00000000c2200000|100%| O|  |TAMS 0x00000000c2200000, 0x00000000c2100000| Untracked 
|   6|0x00000000c2200000, 0x00000000c2300000, 0x00000000c2300000|100%| O|  |TAMS 0x00000000c2300000, 0x00000000c2200000| Untracked 
|   7|0x00000000c2300000, 0x00000000c2400000, 0x00000000c2400000|100%| O|  |TAMS 0x00000000c2400000, 0x00000000c2300000| Untracked 
|   8|0x00000000c2400000, 0x00000000c2500000, 0x00000000c2500000|100%| O|  |TAMS 0x00000000c2500000, 0x00000000c2400000| Untracked 
|   9|0x00000000c2500000, 0x00000000c2600000, 0x00000000c2600000|100%| O|  |TAMS 0x00000000c2600000, 0x00000000c2500000| Untracked 
|  10|0x00000000c2600000, 0x00000000c2700000, 0x00000000c2700000|100%| O|  |TAMS 0x00000000c2700000, 0x00000000c2600000| Untracked 
|  11|0x00000000c2700000, 0x00000000c2800000, 0x00000000c2800000|100%| O|  |TAMS 0x00000000c2800000, 0x00000000c2700000| Untracked 
|  12|0x00000000c2800000, 0x00000000c2900000, 0x00000000c2900000|100%| O|  |TAMS 0x00000000c2900000, 0x00000000c2800000| Untracked 
|  13|0x00000000c2900000, 0x00000000c2a00000, 0x00000000c2a00000|100%| O|  |TAMS 0x00000000c2a00000, 0x00000000c2900000| Untracked 
|  14|0x00000000c2a00000, 0x00000000c2b00000, 0x00000000c2b00000|100%| O|  |TAMS 0x00000000c2b00000, 0x00000000c2a00000| Untracked 
|  15|0x00000000c2b00000, 0x00000000c2c00000, 0x00000000c2c00000|100%| O|  |TAMS 0x00000000c2c00000, 0x00000000c2b00000| Untracked 
|  16|0x00000000c2c00000, 0x00000000c2d00000, 0x00000000c2d00000|100%| O|  |TAMS 0x00000000c2d00000, 0x00000000c2c00000| Untracked 
|  17|0x00000000c2d00000, 0x00000000c2e00000, 0x00000000c2e00000|100%| O|  |TAMS 0x00000000c2e00000, 0x00000000c2d00000| Untracked 
|  18|0x00000000c2e00000, 0x00000000c2f00000, 0x00000000c2f00000|100%| O|  |TAMS 0x00000000c2f00000, 0x00000000c2e00000| Untracked 
|  19|0x00000000c2f00000, 0x00000000c3000000, 0x00000000c3000000|100%| O|  |TAMS 0x00000000c3000000, 0x00000000c2f00000| Untracked 
|  20|0x00000000c3000000, 0x00000000c3100000, 0x00000000c3100000|100%| O|  |TAMS 0x00000000c3100000, 0x00000000c3000000| Untracked 
|  21|0x00000000c3100000, 0x00000000c3200000, 0x00000000c3200000|100%| O|  |TAMS 0x00000000c3200000, 0x00000000c3100000| Untracked 
|  22|0x00000000c3200000, 0x00000000c3300000, 0x00000000c3300000|100%| O|  |TAMS 0x00000000c3300000, 0x00000000c3200000| Untracked 
|  23|0x00000000c3300000, 0x00000000c3400000, 0x00000000c3400000|100%| O|  |TAMS 0x00000000c3400000, 0x00000000c3300000| Untracked 
|  24|0x00000000c3400000, 0x00000000c3500000, 0x00000000c3500000|100%| O|  |TAMS 0x00000000c3500000, 0x00000000c3400000| Untracked 
|  25|0x00000000c3500000, 0x00000000c3600000, 0x00000000c3600000|100%| O|  |TAMS 0x00000000c3600000, 0x00000000c3500000| Untracked 
|  26|0x00000000c3600000, 0x00000000c3700000, 0x00000000c3700000|100%| O|  |TAMS 0x00000000c3700000, 0x00000000c3600000| Untracked 
|  27|0x00000000c3700000, 0x00000000c3800000, 0x00000000c3800000|100%| O|  |TAMS 0x00000000c3800000, 0x00000000c3700000| Untracked 
|  28|0x00000000c3800000, 0x00000000c3900000, 0x00000000c3900000|100%| O|  |TAMS 0x00000000c3900000, 0x00000000c3800000| Untracked 
|  29|0x00000000c3900000, 0x00000000c3a00000, 0x00000000c3a00000|100%| O|  |TAMS 0x00000000c3a00000, 0x00000000c3900000| Untracked 
|  30|0x00000000c3a00000, 0x00000000c3b00000, 0x00000000c3b00000|100%| O|  |TAMS 0x00000000c3b00000, 0x00000000c3a00000| Untracked 
|  31|0x00000000c3b00000, 0x00000000c3c00000, 0x00000000c3c00000|100%| O|  |TAMS 0x00000000c3c00000, 0x00000000c3b00000| Untracked 
|  32|0x00000000c3c00000, 0x00000000c3d00000, 0x00000000c3d00000|100%| O|  |TAMS 0x00000000c3d00000, 0x00000000c3c00000| Untracked 
|  33|0x00000000c3d00000, 0x00000000c3e00000, 0x00000000c3e00000|100%| O|  |TAMS 0x00000000c3e00000, 0x00000000c3d00000| Untracked 
|  34|0x00000000c3e00000, 0x00000000c3f00000, 0x00000000c3f00000|100%| O|  |TAMS 0x00000000c3f00000, 0x00000000c3e00000| Untracked 
|  35|0x00000000c3f00000, 0x00000000c4000000, 0x00000000c4000000|100%| O|  |TAMS 0x00000000c4000000, 0x00000000c3f00000| Untracked 
|  36|0x00000000c4000000, 0x00000000c4100000, 0x00000000c4100000|100%| O|  |TAMS 0x00000000c4100000, 0x00000000c4000000| Untracked 
|  37|0x00000000c4100000, 0x00000000c4200000, 0x00000000c4200000|100%| O|  |TAMS 0x00000000c4200000, 0x00000000c4100000| Untracked 
|  38|0x00000000c4200000, 0x00000000c4300000, 0x00000000c4300000|100%| O|  |TAMS 0x00000000c4300000, 0x00000000c4200000| Untracked 
|  39|0x00000000c4300000, 0x00000000c4400000, 0x00000000c4400000|100%| O|  |TAMS 0x00000000c4400000, 0x00000000c4300000| Untracked 
|  40|0x00000000c4400000, 0x00000000c4500000, 0x00000000c4500000|100%| O|  |TAMS 0x00000000c4500000, 0x00000000c4400000| Untracked 
|  41|0x00000000c4500000, 0x00000000c4600000, 0x00000000c4600000|100%| O|  |TAMS 0x00000000c4600000, 0x00000000c4500000| Untracked 
|  42|0x00000000c4600000, 0x00000000c4700000, 0x00000000c4700000|100%| O|  |TAMS 0x00000000c4700000, 0x00000000c4600000| Untracked 
|  43|0x00000000c4700000, 0x00000000c4800000, 0x00000000c4800000|100%| O|  |TAMS 0x00000000c4800000, 0x00000000c4700000| Untracked 
|  44|0x00000000c4800000, 0x00000000c4900000, 0x00000000c4900000|100%| O|  |TAMS 0x00000000c4900000, 0x00000000c4800000| Untracked 
|  45|0x00000000c4900000, 0x00000000c4a00000, 0x00000000c4a00000|100%| O|  |TAMS 0x00000000c4a00000, 0x00000000c4900000| Untracked 
|  46|0x00000000c4a00000, 0x00000000c4a95800, 0x00000000c4b00000| 58%| O|  |TAMS 0x00000000c4a95800, 0x00000000c4a00000| Untracked 
|  47|0x00000000c4b00000, 0x00000000c4b00000, 0x00000000c4c00000|  0%| F|  |TAMS 0x00000000c4b00000, 0x00000000c4b00000| Untracked 
|  48|0x00000000c4c00000, 0x00000000c4c00000, 0x00000000c4d00000|  0%| F|  |TAMS 0x00000000c4c00000, 0x00000000c4c00000| Untracked 
|  49|0x00000000c4d00000, 0x00000000c4d00000, 0x00000000c4e00000|  0%| F|  |TAMS 0x00000000c4d00000, 0x00000000c4d00000| Untracked 
|  50|0x00000000c4e00000, 0x00000000c4e00000, 0x00000000c4f00000|  0%| F|  |TAMS 0x00000000c4e00000, 0x00000000c4e00000| Untracked 
|  51|0x00000000c4f00000, 0x00000000c4f00000, 0x00000000c5000000|  0%| F|  |TAMS 0x00000000c4f00000, 0x00000000c4f00000| Untracked 
|  52|0x00000000c5000000, 0x00000000c5000000, 0x00000000c5100000|  0%| F|  |TAMS 0x00000000c5000000, 0x00000000c5000000| Untracked 
|  53|0x00000000c5100000, 0x00000000c5100000, 0x00000000c5200000|  0%| F|  |TAMS 0x00000000c5100000, 0x00000000c5100000| Untracked 
|  54|0x00000000c5200000, 0x00000000c5200000, 0x00000000c5300000|  0%| F|  |TAMS 0x00000000c5200000, 0x00000000c5200000| Untracked 
|  55|0x00000000c5300000, 0x00000000c5300000, 0x00000000c5400000|  0%| F|  |TAMS 0x00000000c5300000, 0x00000000c5300000| Untracked 
|  56|0x00000000c5400000, 0x00000000c5400000, 0x00000000c5500000|  0%| F|  |TAMS 0x00000000c5400000, 0x00000000c5400000| Untracked 
|  57|0x00000000c5500000, 0x00000000c5500000, 0x00000000c5600000|  0%| F|  |TAMS 0x00000000c5500000, 0x00000000c5500000| Untracked 
|  58|0x00000000c5600000, 0x00000000c5600000, 0x00000000c5700000|  0%| F|  |TAMS 0x00000000c5600000, 0x00000000c5600000| Untracked 
|  59|0x00000000c5700000, 0x00000000c5700000, 0x00000000c5800000|  0%| F|  |TAMS 0x00000000c5700000, 0x00000000c5700000| Untracked 
|  60|0x00000000c5800000, 0x00000000c5800000, 0x00000000c5900000|  0%| F|  |TAMS 0x00000000c5800000, 0x00000000c5800000| Untracked 
|  61|0x00000000c5900000, 0x00000000c5952b20, 0x00000000c5a00000| 32%| S|CS|TAMS 0x00000000c5900000, 0x00000000c5900000| Complete 
|  62|0x00000000c5a00000, 0x00000000c5b00000, 0x00000000c5b00000|100%| S|CS|TAMS 0x00000000c5a00000, 0x00000000c5a00000| Complete 
|  63|0x00000000c5b00000, 0x00000000c5b00000, 0x00000000c5c00000|  0%| F|  |TAMS 0x00000000c5b00000, 0x00000000c5b00000| Untracked 
|  64|0x00000000c5c00000, 0x00000000c5c00000, 0x00000000c5d00000|  0%| F|  |TAMS 0x00000000c5c00000, 0x00000000c5c00000| Untracked 
|  65|0x00000000c5d00000, 0x00000000c5d00000, 0x00000000c5e00000|  0%| F|  |TAMS 0x00000000c5d00000, 0x00000000c5d00000| Untracked 
|  66|0x00000000c5e00000, 0x00000000c5e00000, 0x00000000c5f00000|  0%| F|  |TAMS 0x00000000c5e00000, 0x00000000c5e00000| Untracked 
|  67|0x00000000c5f00000, 0x00000000c5f00000, 0x00000000c6000000|  0%| F|  |TAMS 0x00000000c5f00000, 0x00000000c5f00000| Untracked 
|  68|0x00000000c6000000, 0x00000000c6000000, 0x00000000c6100000|  0%| F|  |TAMS 0x00000000c6000000, 0x00000000c6000000| Untracked 
|  69|0x00000000c6100000, 0x00000000c6100000, 0x00000000c6200000|  0%| F|  |TAMS 0x00000000c6100000, 0x00000000c6100000| Untracked 
|  70|0x00000000c6200000, 0x00000000c6200000, 0x00000000c6300000|  0%| F|  |TAMS 0x00000000c6200000, 0x00000000c6200000| Untracked 
|  71|0x00000000c6300000, 0x00000000c6300000, 0x00000000c6400000|  0%| F|  |TAMS 0x00000000c6300000, 0x00000000c6300000| Untracked 
|  72|0x00000000c6400000, 0x00000000c6400000, 0x00000000c6500000|  0%| F|  |TAMS 0x00000000c6400000, 0x00000000c6400000| Untracked 
|  73|0x00000000c6500000, 0x00000000c6500000, 0x00000000c6600000|  0%| F|  |TAMS 0x00000000c6500000, 0x00000000c6500000| Untracked 
|  74|0x00000000c6600000, 0x00000000c6600000, 0x00000000c6700000|  0%| F|  |TAMS 0x00000000c6600000, 0x00000000c6600000| Untracked 
|  75|0x00000000c6700000, 0x00000000c6700000, 0x00000000c6800000|  0%| F|  |TAMS 0x00000000c6700000, 0x00000000c6700000| Untracked 
|  76|0x00000000c6800000, 0x00000000c6800000, 0x00000000c6900000|  0%| F|  |TAMS 0x00000000c6800000, 0x00000000c6800000| Untracked 
|  77|0x00000000c6900000, 0x00000000c6900000, 0x00000000c6a00000|  0%| F|  |TAMS 0x00000000c6900000, 0x00000000c6900000| Untracked 
|  78|0x00000000c6a00000, 0x00000000c6a00000, 0x00000000c6b00000|  0%| F|  |TAMS 0x00000000c6a00000, 0x00000000c6a00000| Untracked 
|  79|0x00000000c6b00000, 0x00000000c6b00000, 0x00000000c6c00000|  0%| F|  |TAMS 0x00000000c6b00000, 0x00000000c6b00000| Untracked 
|  80|0x00000000c6c00000, 0x00000000c6c00000, 0x00000000c6d00000|  0%| F|  |TAMS 0x00000000c6c00000, 0x00000000c6c00000| Untracked 
|  81|0x00000000c6d00000, 0x00000000c6d00000, 0x00000000c6e00000|  0%| F|  |TAMS 0x00000000c6d00000, 0x00000000c6d00000| Untracked 
|  82|0x00000000c6e00000, 0x00000000c6e00000, 0x00000000c6f00000|  0%| F|  |TAMS 0x00000000c6e00000, 0x00000000c6e00000| Untracked 
|  83|0x00000000c6f00000, 0x00000000c6f00000, 0x00000000c7000000|  0%| F|  |TAMS 0x00000000c6f00000, 0x00000000c6f00000| Untracked 
|  84|0x00000000c7000000, 0x00000000c7000000, 0x00000000c7100000|  0%| F|  |TAMS 0x00000000c7000000, 0x00000000c7000000| Untracked 
|  85|0x00000000c7100000, 0x00000000c7100000, 0x00000000c7200000|  0%| F|  |TAMS 0x00000000c7100000, 0x00000000c7100000| Untracked 
|  86|0x00000000c7200000, 0x00000000c7200000, 0x00000000c7300000|  0%| F|  |TAMS 0x00000000c7200000, 0x00000000c7200000| Untracked 
|  87|0x00000000c7300000, 0x00000000c7300000, 0x00000000c7400000|  0%| F|  |TAMS 0x00000000c7300000, 0x00000000c7300000| Untracked 
|  88|0x00000000c7400000, 0x00000000c74dc730, 0x00000000c7500000| 86%| E|  |TAMS 0x00000000c7400000, 0x00000000c7400000| Complete 
|  89|0x00000000c7500000, 0x00000000c7600000, 0x00000000c7600000|100%| E|CS|TAMS 0x00000000c7500000, 0x00000000c7500000| Complete 
|  90|0x00000000c7600000, 0x00000000c76ffd30, 0x00000000c7700000| 99%| E|  |TAMS 0x00000000c7600000, 0x00000000c7600000| Complete 
|  91|0x00000000c7700000, 0x00000000c7800000, 0x00000000c7800000|100%| E|CS|TAMS 0x00000000c7700000, 0x00000000c7700000| Complete 
|  92|0x00000000c7800000, 0x00000000c7900000, 0x00000000c7900000|100%| E|CS|TAMS 0x00000000c7800000, 0x00000000c7800000| Complete 

Card table byte_map: [0x000001228f530000,0x000001228f730000] _byte_map_base: 0x000001228ef22000

Marking Bits (Prev, Next): (CMBitMap*) 0x00000122f5d8c048, (CMBitMap*) 0x00000122f5d8c080
 Prev Bits: [0x000001228f930000, 0x00000122908c0000)
 Next Bits: [0x00000122908c0000, 0x0000012291850000)

Polling page: 0x00000122f5e10000

Metaspace:

Usage:
  Non-class:     33.75 MB capacity,    33.21 MB ( 98%) used,   454.56 KB (  1%) free+waste,    98.00 KB ( <1%) overhead. 
      Class:      4.48 MB capacity,     4.17 MB ( 93%) used,   278.47 KB (  6%) free+waste,    41.25 KB ( <1%) overhead. 
       Both:     38.23 MB capacity,    37.38 MB ( 98%) used,   733.03 KB (  2%) free+waste,   139.25 KB ( <1%) overhead. 

Virtual space:
  Non-class space:       34.00 MB reserved,      33.92 MB (>99%) committed 
      Class space:        1.00 GB reserved,       4.50 MB ( <1%) committed 
             Both:        1.03 GB reserved,      38.42 MB (  4%) committed 

Chunk freelists:
   Non-Class:  6.50 KB
       Class:  2.38 KB
        Both:  8.88 KB

CodeHeap 'non-profiled nmethods': size=120000Kb used=4425Kb max_used=4956Kb free=115574Kb
 bounds [0x0000012287ad0000, 0x0000012287fb0000, 0x000001228f000000]
CodeHeap 'profiled nmethods': size=120000Kb used=10354Kb max_used=11632Kb free=109645Kb
 bounds [0x00000122805a0000, 0x0000012281110000, 0x0000012287ad0000]
CodeHeap 'non-nmethods': size=5760Kb used=1250Kb max_used=1338Kb free=4509Kb
 bounds [0x0000012280000000, 0x0000012280270000, 0x00000122805a0000]
 total_blobs=7703 nmethods=4800 adapters=426
 compilation: enabled
              stopped_count=0, restarted_count=0
 full_count=0

Compilation events (10 events):
Event: 553.939 Thread 0x00000122942bc800 nmethod 5881 0x0000012280942a90 code [0x0000012280942c80, 0x0000012280943080]
Event: 553.942 Thread 0x00000122942ae000 nmethod 5880 0x0000012287bf4f10 code [0x0000012287bf5120, 0x0000012287bf5df8]
Event: 554.790 Thread 0x00000122942bc800 5882       3       okio.Buffer::readFully (40 bytes)
Event: 554.790 Thread 0x00000122942bc800 nmethod 5882 0x0000012280930910 code [0x0000012280930b00, 0x0000012280930e80]
Event: 614.095 Thread 0x00000122942ae000 5883       4       org.aspectj.weaver.TypeFactory::createTypeFromSignature (985 bytes)
Event: 614.393 Thread 0x00000122942ae000 nmethod 5883 0x0000012287c48810 code [0x0000012287c48ca0, 0x0000012287c4f050]
Event: 614.394 Thread 0x00000122942ae000 5884       4       org.aspectj.weaver.bcel.LazyClassGen::<init> (517 bytes)
Event: 614.937 Thread 0x00000122942ae000 nmethod 5884 0x0000012287c6ef10 code [0x0000012287c6f7a0, 0x0000012287c7aca0]
Event: 614.938 Thread 0x00000122942ae000 5885       4       org.aspectj.weaver.Iterators$8::next (25 bytes)
Event: 614.938 Thread 0x00000122942ae000 nmethod 5885 0x0000012287bf4c10 code [0x0000012287bf4da0, 0x0000012287bf4e38]

GC Heap History (10 events):
Event: 81.947 GC heap before
{Heap before GC invocations=29 (full 0):
 garbage-first heap   total 95232K, used 74637K [0x00000000c1c00000, 0x0000000100000000)
  region size 1024K, 31 young (31744K), 2 survivors (2048K)
 Metaspace       used 35182K, capacity 35858K, committed 36016K, reserved 1081344K
  class space    used 4011K, capacity 4276K, committed 4352K, reserved 1048576K
}
Event: 81.951 GC heap after
{Heap after GC invocations=30 (full 0):
 garbage-first heap   total 95232K, used 46186K [0x00000000c1c00000, 0x0000000100000000)
  region size 1024K, 3 young (3072K), 3 survivors (3072K)
 Metaspace       used 35182K, capacity 35858K, committed 36016K, reserved 1081344K
  class space    used 4011K, capacity 4276K, committed 4352K, reserved 1048576K
}
Event: 114.602 GC heap before
{Heap before GC invocations=30 (full 0):
 garbage-first heap   total 95232K, used 74858K [0x00000000c1c00000, 0x0000000100000000)
  region size 1024K, 31 young (31744K), 3 survivors (3072K)
 Metaspace       used 36546K, capacity 37326K, committed 37424K, reserved 1083392K
  class space    used 4172K, capacity 4465K, committed 4480K, reserved 1048576K
}
Event: 114.610 GC heap after
{Heap after GC invocations=31 (full 0):
 garbage-first heap   total 95232K, used 47804K [0x00000000c1c00000, 0x0000000100000000)
  region size 1024K, 4 young (4096K), 4 survivors (4096K)
 Metaspace       used 36546K, capacity 37326K, committed 37424K, reserved 1083392K
  class space    used 4172K, capacity 4465K, committed 4480K, reserved 1048576K
}
Event: 214.987 GC heap before
{Heap before GC invocations=32 (full 0):
 garbage-first heap   total 95232K, used 74428K [0x00000000c1c00000, 0x0000000100000000)
  region size 1024K, 31 young (31744K), 4 survivors (4096K)
 Metaspace       used 37401K, capacity 38185K, committed 38320K, reserved 1083392K
  class space    used 4239K, capacity 4546K, committed 4608K, reserved 1048576K
}
Event: 214.997 GC heap after
{Heap after GC invocations=33 (full 0):
 garbage-first heap   total 95232K, used 48923K [0x00000000c1c00000, 0x0000000100000000)
  region size 1024K, 3 young (3072K), 3 survivors (3072K)
 Metaspace       used 37401K, capacity 38185K, committed 38320K, reserved 1083392K
  class space    used 4239K, capacity 4546K, committed 4608K, reserved 1048576K
}
Event: 470.279 GC heap before
{Heap before GC invocations=33 (full 0):
 garbage-first heap   total 95232K, used 75547K [0x00000000c1c00000, 0x0000000100000000)
  region size 1024K, 30 young (30720K), 3 survivors (3072K)
 Metaspace       used 37896K, capacity 38722K, committed 38832K, reserved 1083392K
  class space    used 4265K, capacity 4587K, committed 4608K, reserved 1048576K
}
Event: 470.288 GC heap after
{Heap after GC invocations=34 (full 0):
 garbage-first heap   total 95232K, used 49289K [0x00000000c1c00000, 0x0000000100000000)
  region size 1024K, 2 young (2048K), 2 survivors (2048K)
 Metaspace       used 37896K, capacity 38722K, committed 38832K, reserved 1083392K
  class space    used 4265K, capacity 4587K, committed 4608K, reserved 1048576K
}
Event: 548.142 GC heap before
{Heap before GC invocations=35 (full 0):
 garbage-first heap   total 95232K, used 76937K [0x00000000c1c00000, 0x0000000100000000)
  region size 1024K, 30 young (30720K), 2 survivors (2048K)
 Metaspace       used 38228K, capacity 39016K, committed 39088K, reserved 1083392K
  class space    used 4268K, capacity 4589K, committed 4608K, reserved 1048576K
}
Event: 548.144 GC heap after
{Heap after GC invocations=36 (full 0):
 garbage-first heap   total 95232K, used 49056K [0x00000000c1c00000, 0x0000000100000000)
  region size 1024K, 2 young (2048K), 2 survivors (2048K)
 Metaspace       used 38228K, capacity 39016K, committed 39088K, reserved 1083392K
  class space    used 4268K, capacity 4589K, committed 4608K, reserved 1048576K
}

Deoptimization events (10 events):
Event: 264.861 Thread 0x000001229bb09800 Uncommon trap: reason=unstable_if action=reinterpret pc=0x0000012287f0960c method=com.google.gson.stream.JsonReader.nextQuotedValue(C)Ljava/lang/String; @ 96 c2
Event: 286.376 Thread 0x000001229bb09800 Uncommon trap: reason=unstable_if action=reinterpret pc=0x0000012287f49f10 method=java.util.Base64$Decoder.outLength([BII)I @ 97 c2
Event: 290.732 Thread 0x000001229bb09800 Uncommon trap: reason=unstable_if action=reinterpret pc=0x0000012287b8edfc method=java.lang.StringBuffer.toString()Ljava/lang/String; @ 12 c2
Event: 308.199 Thread 0x000001229bb09800 Uncommon trap: reason=unstable_if action=reinterpret pc=0x0000012287c1b394 method=java.util.Base64$Decoder.outLength([BII)I @ 97 c2
Event: 310.660 Thread 0x000001229bb09800 Uncommon trap: reason=unstable_if action=reinterpret pc=0x0000012287c7fb14 method=java.lang.AbstractStringBuilder.putStringAt(ILjava/lang/String;)V @ 8 c2
Event: 330.643 Thread 0x000001229bb09800 Uncommon trap: reason=unstable_if action=reinterpret pc=0x0000012287f9464c method=java.util.Base64$Decoder.decode0([BII[B)I @ 60 c2
Event: 468.247 Thread 0x000001229bb09800 Uncommon trap: reason=unstable_if action=reinterpret pc=0x0000012287fa5be8 method=java.util.Base64$Decoder.decode0([BII[B)I @ 60 c2
Event: 517.951 Thread 0x000001229bb09800 Uncommon trap: reason=unstable_if action=reinterpret pc=0x0000012287f4984c method=java.util.LinkedHashMap.afterNodeInsertion(Z)V @ 18 c2
Event: 548.035 Thread 0x000001229bb09800 Uncommon trap: reason=predicate action=maybe_recompile pc=0x0000012287f74a5c method=org.aspectj.weaver.TypeFactory.locateMatchingEndAngleBracket(Ljava/lang/CharSequence;I)I @ 22 c2
Event: 548.037 Thread 0x000001229bb09800 Uncommon trap: reason=unstable_if action=reinterpret pc=0x0000012287f98058 method=com.google.gson.stream.JsonWriter.string(Ljava/lang/String;)V @ 4 c2

Classes redefined (1 events):
Event: 614.135 Thread 0x000001229425f800 redefined class name=com.cucumbercraft.stepdefinitions.FivestarBookingStepDefination, count=1

Internal exceptions (10 events):
Event: 549.799 Thread 0x000001229bb09800 Exception <a 'java/net/SocketTimeoutException'{0x00000000c7895770}: Read timed out> (0x00000000c7895770) thrown at [t:/workspace/open/src/hotspot/share/prims/jni.cpp, line 636]
Event: 549.813 Thread 0x000001229bb09800 Exception <a 'java/net/SocketTimeoutException'{0x00000000c78a9630}: Read timed out> (0x00000000c78a9630) thrown at [t:/workspace/open/src/hotspot/share/prims/jni.cpp, line 636]
Event: 550.519 Thread 0x000001229bb09800 Exception <a 'java/net/SocketTimeoutException'{0x00000000c78bc630}: Read timed out> (0x00000000c78bc630) thrown at [t:/workspace/open/src/hotspot/share/prims/jni.cpp, line 636]
Event: 550.540 Thread 0x000001229bb09800 Exception <a 'java/net/SocketTimeoutException'{0x00000000c78d29c8}: Read timed out> (0x00000000c78d29c8) thrown at [t:/workspace/open/src/hotspot/share/prims/jni.cpp, line 636]
Event: 550.693 Thread 0x000001229bb09800 Exception <a 'java/net/SocketTimeoutException'{0x00000000c78e73e8}: Read timed out> (0x00000000c78e73e8) thrown at [t:/workspace/open/src/hotspot/share/prims/jni.cpp, line 636]
Event: 550.730 Thread 0x000001229bb09800 Exception <a 'java/net/SocketTimeoutException'{0x00000000c78fd5a0}: Read timed out> (0x00000000c78fd5a0) thrown at [t:/workspace/open/src/hotspot/share/prims/jni.cpp, line 636]
Event: 552.026 Thread 0x000001229bb09800 Exception <a 'java/net/SocketTimeoutException'{0x00000000c7712468}: Read timed out> (0x00000000c7712468) thrown at [t:/workspace/open/src/hotspot/share/prims/jni.cpp, line 636]
Event: 552.047 Thread 0x000001229bb09800 Exception <a 'java/net/SocketTimeoutException'{0x00000000c7728620}: Read timed out> (0x00000000c7728620) thrown at [t:/workspace/open/src/hotspot/share/prims/jni.cpp, line 636]
Event: 553.915 Thread 0x000001229bb09800 Exception <a 'java/net/SocketTimeoutException'{0x00000000c7590a50}: Read timed out> (0x00000000c7590a50) thrown at [t:/workspace/open/src/hotspot/share/prims/jni.cpp, line 636]
Event: 553.942 Thread 0x000001229bb09800 Exception <a 'java/net/SocketTimeoutException'{0x00000000c75a5100}: Read timed out> (0x00000000c75a5100) thrown at [t:/workspace/open/src/hotspot/share/prims/jni.cpp, line 636]

Events (10 events):
Event: 614.386 Thread 0x00000122942bf000 flushing nmethod 0x0000012280bcb590
Event: 614.387 Thread 0x00000122942bf000 flushing nmethod 0x0000012280e69490
Event: 614.388 Thread 0x00000122942bf000 flushing nmethod 0x0000012280f4f390
Event: 614.389 Thread 0x00000122942bf000 flushing nmethod 0x0000012281074990
Event: 614.734 Executing VM operation: GetFrameLocation
Event: 614.735 Executing VM operation: GetFrameLocation done
Event: 614.735 Executing VM operation: GetOrSetLocal
Event: 614.735 Executing VM operation: GetOrSetLocal done
Event: 623.005 Executing VM operation: ChangeBreakpoints
Event: 623.006 Executing VM operation: ChangeBreakpoints done


Dynamic libraries:
0x00007ff7c17f0000 - 0x00007ff7c1837000 	C:\Program Files\Java\jdk-11.0.4\bin\javaw.exe
0x00007ff91c140000 - 0x00007ff91c330000 	C:\windows\SYSTEM32\ntdll.dll
0x00007ff91bd20000 - 0x00007ff91bdd2000 	C:\windows\System32\KERNEL32.DLL
0x00007ff919da0000 - 0x00007ff91a043000 	C:\windows\System32\KERNELBASE.dll
0x00007ff91af80000 - 0x00007ff91b023000 	C:\windows\System32\ADVAPI32.dll
0x00007ff91bc80000 - 0x00007ff91bd1e000 	C:\windows\System32\msvcrt.dll
0x00007ff91a530000 - 0x00007ff91a5c7000 	C:\windows\System32\sechost.dll
0x00007ff91ac80000 - 0x00007ff91ada0000 	C:\windows\System32\RPCRT4.dll
0x00007ff91be90000 - 0x00007ff91c024000 	C:\windows\System32\USER32.dll
0x00007ff919d50000 - 0x00007ff919d71000 	C:\windows\System32\win32u.dll
0x00007ff91a7e0000 - 0x00007ff91a806000 	C:\windows\System32\GDI32.dll
0x00007ff91a050000 - 0x00007ff91a1e4000 	C:\windows\System32\gdi32full.dll
0x00007ff919cb0000 - 0x00007ff919d4e000 	C:\windows\System32\msvcp_win.dll
0x00007ff919100000 - 0x00007ff9191fa000 	C:\windows\System32\ucrtbase.dll
0x00007ff900dc0000 - 0x00007ff901045000 	C:\windows\WinSxS\amd64_microsoft.windows.common-controls_6595b64144ccf1df_6.0.18362.418_none_e6c6b287130d565d\COMCTL32.dll
0x00007ff9116b0000 - 0x00007ff9116ba000 	C:\windows\SYSTEM32\VERSION.dll
0x00007ff91a1f0000 - 0x00007ff91a526000 	C:\windows\System32\combase.dll
0x00007ff919200000 - 0x00007ff919280000 	C:\windows\System32\bcryptPrimitives.dll
0x00007ff91af50000 - 0x00007ff91af7e000 	C:\windows\System32\IMM32.DLL
0x00007ff911450000 - 0x00007ff911466000 	C:\Program Files\Java\jdk-11.0.4\bin\vcruntime140.dll
0x00007ff907510000 - 0x00007ff9075ba000 	C:\Program Files\Java\jdk-11.0.4\bin\msvcp140.dll
0x00007ff8c2570000 - 0x00007ff8c3097000 	C:\Program Files\Java\jdk-11.0.4\bin\server\jvm.dll
0x00007ff91b730000 - 0x00007ff91b738000 	C:\windows\System32\PSAPI.DLL
0x00007ff916bf0000 - 0x00007ff916c14000 	C:\windows\SYSTEM32\WINMM.dll
0x00007ff913700000 - 0x00007ff913709000 	C:\windows\SYSTEM32\WSOCK32.dll
0x00007ff91bb30000 - 0x00007ff91bb9f000 	C:\windows\System32\WS2_32.dll
0x00007ff916770000 - 0x00007ff91679d000 	C:\windows\SYSTEM32\WINMMBASE.dll
0x00007ff919b10000 - 0x00007ff919b5a000 	C:\windows\System32\cfgmgr32.dll
0x00007ff919020000 - 0x00007ff919031000 	C:\windows\System32\kernel.appcore.dll
0x00007ff8e6490000 - 0x00007ff8e64a1000 	C:\Program Files\Java\jdk-11.0.4\bin\verify.dll
0x00007ff917940000 - 0x00007ff917b34000 	C:\windows\SYSTEM32\DBGHELP.DLL
0x00007ff8feb40000 - 0x00007ff8feb6a000 	C:\windows\SYSTEM32\dbgcore.DLL
0x00007ff8e6460000 - 0x00007ff8e6489000 	C:\Program Files\Java\jdk-11.0.4\bin\java.dll
0x00007ff9074d0000 - 0x00007ff907507000 	C:\Program Files\Java\jdk-11.0.4\bin\jdwp.dll
0x00007ff9074a0000 - 0x00007ff9074cf000 	C:\Program Files\Java\jdk-11.0.4\bin\instrument.dll
0x00007ff8e6280000 - 0x00007ff8e6296000 	C:\Program Files\Java\jdk-11.0.4\bin\zip.dll
0x00007ff9136f0000 - 0x00007ff9136fa000 	C:\Program Files\Java\jdk-11.0.4\bin\jimage.dll
0x00007ff91b030000 - 0x00007ff91b715000 	C:\windows\System32\SHELL32.dll
0x00007ff91bde0000 - 0x00007ff91be89000 	C:\windows\System32\shcore.dll
0x00007ff919280000 - 0x00007ff9199ff000 	C:\windows\System32\windows.storage.dll
0x00007ff919040000 - 0x00007ff91905f000 	C:\windows\System32\profapi.dll
0x00007ff919060000 - 0x00007ff9190aa000 	C:\windows\System32\powrprof.dll
0x00007ff919010000 - 0x00007ff919020000 	C:\windows\System32\UMPDC.dll
0x00007ff91ae80000 - 0x00007ff91aed2000 	C:\windows\System32\shlwapi.dll
0x00007ff919d80000 - 0x00007ff919d97000 	C:\windows\System32\cryptsp.dll
0x00007ff915480000 - 0x00007ff91548a000 	C:\Program Files\Java\jdk-11.0.4\bin\dt_socket.dll
0x00007ff918820000 - 0x00007ff918887000 	C:\windows\System32\mswsock.dll
0x00007ff918580000 - 0x00007ff91864a000 	C:\windows\SYSTEM32\DNSAPI.dll
0x00007ff91b720000 - 0x00007ff91b728000 	C:\windows\System32\NSI.dll
0x00007ff918530000 - 0x00007ff91856a000 	C:\windows\SYSTEM32\IPHLPAPI.DLL
0x00007ff90c100000 - 0x00007ff90c177000 	C:\windows\System32\fwpuclnt.dll
0x00007ff9190d0000 - 0x00007ff9190f6000 	C:\windows\System32\bcrypt.dll
0x00007ff901810000 - 0x00007ff90181a000 	C:\Windows\System32\rasadhlp.dll
0x00007ff8e6260000 - 0x00007ff8e6279000 	C:\Program Files\Java\jdk-11.0.4\bin\net.dll
0x00007ff9041c0000 - 0x00007ff9042b0000 	C:\windows\SYSTEM32\WINHTTP.dll
0x00007ff904bb0000 - 0x00007ff904d86000 	C:\windows\SYSTEM32\urlmon.dll
0x00007ff905100000 - 0x00007ff9053a6000 	C:\windows\SYSTEM32\iertutil.dll
0x00007ff9189f0000 - 0x00007ff9189fc000 	C:\windows\SYSTEM32\CRYPTBASE.DLL
0x00007ff8e6240000 - 0x00007ff8e6253000 	C:\Program Files\Java\jdk-11.0.4\bin\nio.dll
0x00007ff918390000 - 0x00007ff9183c3000 	C:\windows\system32\rsaenh.dll
0x00007ff918f30000 - 0x00007ff918f55000 	C:\windows\SYSTEM32\USERENV.dll
0x00007ff90eae0000 - 0x00007ff90eaf6000 	C:\windows\SYSTEM32\dhcpcsvc6.DLL
0x00007ff911610000 - 0x00007ff91162c000 	C:\windows\SYSTEM32\dhcpcsvc.DLL
0x00007ff8cd050000 - 0x00007ff8cd066000 	C:\windows\system32\napinsp.dll
0x00007ff8cd030000 - 0x00007ff8cd04a000 	C:\windows\system32\pnrpnsp.dll
0x00007ff8e61d0000 - 0x00007ff8e61de000 	C:\windows\System32\winrnr.dll
0x00007ff915190000 - 0x00007ff9151ac000 	C:\windows\system32\NLAapi.dll
0x00007ff8f0cf0000 - 0x00007ff8f0d05000 	C:\windows\system32\wshbth.dll
0x00007ff905dd0000 - 0x00007ff905dd9000 	C:\Program Files\Java\jdk-11.0.4\bin\management.dll
0x00007ff905b70000 - 0x00007ff905b7c000 	C:\Program Files\Java\jdk-11.0.4\bin\management_ext.dll
0x00007ff8f0cb0000 - 0x00007ff8f0cd7000 	C:\Program Files\Java\jdk-11.0.4\bin\sunec.dll

dbghelp: loaded successfully - version: 4.0.5 - missing functions: none
symbol engine: initialized successfully - sym options: 0x614 - pdb path: .;C:\Program Files\Java\jdk-11.0.4\bin;C:\windows\SYSTEM32;C:\windows\WinSxS\amd64_microsoft.windows.common-controls_6595b64144ccf1df_6.0.18362.418_none_e6c6b287130d565d;C:\Program Files\Java\jdk-11.0.4\bin\server

VM Arguments:
jvm_args: -agentlib:jdwp=transport=dt_socket,suspend=y,address=localhost:2485 -ea -javaagent:C:\Users\Arghya\.m2\repository/org/aspectj/aspectjweaver/1.9.1/aspectjweaver-1.9.1.jar -Dfile.encoding=Cp1252 
java_command: org.testng.remote.RemoteTestNG -serport 2484 -protocol json -d C:\Users\Arghya\eclipse-workspace\Fivestar_Regression\test-output C:\Users\Arghya\eclipse-workspace\Fivestar_Regression\src\test\resources\TestNGRunRegressionTests.xml
java_class_path (initial): C:\Users\Arghya\eclipse\jee-2019-09\eclipse\configuration\org.eclipse.osgi\967\0\.cp\lib\testng-remote.jar;C:\Users\Arghya\eclipse-workspace\Fivestar_Regression\target\test-classes;C:\Users\Arghya\eclipse-workspace\Fivestar_Regression\target\classes;C:\Users\Arghya\.m2\repository\info\cukes\cucumber-jvm-deps\1.0.5\cucumber-jvm-deps-1.0.5.jar;C:\Users\Arghya\.m2\repository\info\cukes\cucumber-java\1.2.5\cucumber-java-1.2.5.jar;C:\Users\Arghya\.m2\repository\info\cukes\cucumber-core\1.2.5\cucumber-core-1.2.5.jar;C:\Users\Arghya\.m2\repository\info\cukes\cucumber-html\0.2.3\cucumber-html-0.2.3.jar;C:\Users\Arghya\.m2\repository\org\testng\testng\6.11\testng-6.11.jar;C:\Users\Arghya\.m2\repository\com\beust\jcommander\1.64\jcommander-1.64.jar;C:\Users\Arghya\.m2\repository\org\yaml\snakeyaml\1.17\snakeyaml-1.17.jar;C:\Users\Arghya\.m2\repository\info\cukes\cucumber-testng\1.2.5\cucumber-testng-1.2.5.jar;C:\Users\Arghya\.m2\repository\org\seleniumhq\selenium\selenium-java\3.12.0\selenium-java-3.12.0.jar;C:\Users\Arghya\.m2\repository\org\seleniumhq\selenium\selenium-api\3.12.0\selenium-api-3.12.0.jar;C:\Users\Arghya\.m2\repository\org\seleniumhq\selenium\selenium-chrome-driver\3.12.0\selenium-chrome-driver-3.12.0.jar;C:\Users\Arghya\.m2\repository\org\seleniumhq\selenium\selenium-edge-driver\3.12.0\selenium-edge-driver-3.12.0.jar;C:\Users\Arghya\.m2\repository\org\seleniumhq\selenium\selenium-firefox-driver\3.12.0\selenium-firefox-driver-3.12.0.jar;C:\Users\Arghya\.m2\repository\org\seleniumhq\selenium\selenium-ie-driver\3.12.0\selenium-ie-driver-3.12.0.jar;C:\Users\Arghya\.m2\repository\org\seleniumhq\selenium\selenium-opera-driver\3.12.0\selenium-opera-driver-3.12.0.jar;C:\Users\Arghya\.m2\repository\org\seleniumhq\selenium\selenium-remote-driver\3.12.0\selenium-remote-driver-3.12.0.jar;C:\Users\Arghya\.m2\repository\org\seleniumhq\selenium\selenium-safari-driver\3.12.0\selenium-safari-driver-3.12.0.jar;C:\Users\Arghya\.m2\repository\org\se
Launcher Type: SUN_STANDARD

[Global flags]
     intx CICompilerCount                          = 4                                         {product} {ergonomic}
     uint ConcGCThreads                            = 2                                         {product} {ergonomic}
     uint G1ConcRefinementThreads                  = 8                                         {product} {ergonomic}
   size_t G1HeapRegionSize                         = 1048576                                   {product} {ergonomic}
    uintx GCDrainStackTargetSize                   = 64                                        {product} {ergonomic}
   size_t InitialHeapSize                          = 67108864                                  {product} {ergonomic}
   size_t MarkStackSize                            = 4194304                                   {product} {ergonomic}
   size_t MaxHeapSize                              = 1044381696                                {product} {ergonomic}
   size_t MaxNewSize                               = 625999872                                 {product} {ergonomic}
   size_t MinHeapDeltaBytes                        = 1048576                                   {product} {ergonomic}
    uintx NonNMethodCodeHeapSize                   = 5835340                                {pd product} {ergonomic}
    uintx NonProfiledCodeHeapSize                  = 122911450                              {pd product} {ergonomic}
    uintx ProfiledCodeHeapSize                     = 122911450                              {pd product} {ergonomic}
    uintx ReservedCodeCacheSize                    = 251658240                              {pd product} {ergonomic}
     bool SegmentedCodeCache                       = true                                      {product} {ergonomic}
     bool UseCompressedClassPointers               = true                                 {lp64_product} {ergonomic}
     bool UseCompressedOops                        = true                                 {lp64_product} {ergonomic}
     bool UseG1GC                                  = true                                      {product} {ergonomic}
     bool UseLargePagesIndividualAllocation        = false                                  {pd product} {ergonomic}

Logging:
Log output configuration:
 #0: stdout all=warning uptime,level,tags
 #1: stderr all=off uptime,level,tags

Environment Variables:
PATH=C:/Program Files/Java/jdk-11.0.4/bin/server;C:/Program Files/Java/jdk-11.0.4/bin;C:\windows\system32;C:\windows;C:\windows\System32\Wbem;C:\windows\System32\WindowsPowerShell\v1.0\;C:\windows\System32\OpenSSH\;C:\Program Files\Java\jdk-11.0.4\bin;C:\Program Files (x86)\Java\jdk1.8.0_11\bin;C:\Program Files (x86)\Java\jre8\bin;C:\Program Files (x86)\Windows Kits\8.1\Windows Performance Toolkit\;C:\Program Files\Microsoft SQL Server\110\Tools\Binn\;C:\Program Files\Microsoft\Web Platform Installer\;C:\Program Files (x86)\Microsoft SDKs\TypeScript\1.0\;C:\Program Files\Microsoft SQL Server\120\Tools\Binn\;C:\Program Files (x86)\Sennheiser\SoftphoneSDK\;C:\Users\Arghya\AppData\Local\Microsoft\WindowsApps;C:\Program Files\Java\jdk-11.0.4\bin;C:\Program Files (x86)\Java\jre8\bin;C:\Program Files (x86)\Java\jdk1.8.0_11\bin;;C:\Users\Arghya\Desktop;
USERNAME=Arghya
OS=Windows_NT
PROCESSOR_IDENTIFIER=Intel64 Family 6 Model 142 Stepping 12, GenuineIntel



---------------  S Y S T E M  ---------------

OS: Windows 10 , 64 bit Build 18362 (10.0.18362.329)

CPU:total 8 (initial active 8) (4 cores per cpu, 2 threads per core) family 6 model 142 stepping 12, cmov, cx8, fxsr, mmx, sse, sse2, sse3, ssse3, sse4.1, sse4.2, popcnt, avx, avx2, aes, clmul, erms, 3dnowpref, lzcnt, ht, tsc, tscinvbit, bmi1, bmi2, adx, fma

Memory: 4k page, system-wide physical 3982M (362M free)
TotalPageFile size 8966M (AvailPageFile size 3013M)
current process WorkingSet (physical memory assigned to process): 158M, peak: 367M
current process commit charge ("private bytes"): 241M, peak: 416M

vm_info: Java HotSpot(TM) 64-Bit Server VM (11.0.4+10-LTS) for windows-amd64 JRE (11.0.4+10-LTS), built on Jul  4 2019 16:28:13 by "mach5one" with MS VC++ 15.5 (VS2017)

END.
